18-Oct-23 19:06:39 | root - INFO - Start getting CTB routes
18-Oct-23 19:06:58 | httpx - INFO - HTTP Request: GET https://rt.data.gov.hk/v2/transport/citybus/route-stop/CTB/106A/inbound "HTTP/1.1 200 OK"
18-Oct-23 19:06:58 | httpx - INFO - HTTP Request: GET https://rt.data.gov.hk/v2/transport/citybus/route-stop/CTB/101R/inbound "HTTP/1.1 200 OK"
18-Oct-23 19:06:58 | httpx - INFO - HTTP Request: GET https://rt.data.gov.hk/v2/transport/citybus/route-stop/CTB/102R/inbound "HTTP/1.1 200 OK"
18-Oct-23 19:06:58 | httpx - INFO - HTTP Request: GET https://rt.data.gov.hk/v2/transport/citybus/route-stop/CTB/101X/inbound "HTTP/1.1 200 OK"
18-Oct-23 19:06:58 | httpx - INFO - HTTP Request: GET https://rt.data.gov.hk/v2/transport/citybus/route-stop/CTB/115P/inbound "HTTP/1.1 200 OK"
18-Oct-23 19:06:58 | httpx - INFO - HTTP Request: GET https://rt.data.gov.hk/v2/transport/citybus/route-stop/CTB/12A/inbound "HTTP/1.1 200 OK"
18-Oct-23 19:06:58 | httpx - INFO - HTTP Request: GET https://rt.data.gov.hk/v2/transport/citybus/route-stop/CTB/12M/inbound "HTTP/1.1 200 OK"
18-Oct-23 19:06:59 | httpx - INFO - HTTP Request: GET https://rt.data.gov.hk/v2/transport/citybus/route-stop/CTB/171P/inbound "HTTP/1.1 200 OK"
18-Oct-23 19:06:59 | httpx - INFO - HTTP Request: GET https://rt.data.gov.hk/v2/transport/citybus/route-stop/CTB/15C/outbound "HTTP/1.1 200 OK"
18-Oct-23 19:06:59 | httpx - INFO - HTTP Request: GET https://rt.data.gov.hk/v2/transport/citybus/route-stop/CTB/182X/inbound "HTTP/1.1 200 OK"
18-Oct-23 19:06:59 | httpx - INFO - HTTP Request: GET https://rt.data.gov.hk/v2/transport/citybus/route-stop/CTB/102R/outbound "HTTP/1.1 200 OK"
18-Oct-23 19:06:59 | httpx - INFO - HTTP Request: GET https://rt.data.gov.hk/v2/transport/citybus/route-stop/CTB/15C/inbound "HTTP/1.1 200 OK"
18-Oct-23 19:06:59 | httpx - INFO - HTTP Request: GET https://rt.data.gov.hk/v2/transport/citybus/route-stop/CTB/111/outbound "HTTP/1.1 200 OK"
18-Oct-23 19:06:59 | httpx - INFO - HTTP Request: GET https://rt.data.gov.hk/v2/transport/citybus/route-stop/CTB/1P/outbound "HTTP/1.1 200 OK"
18-Oct-23 19:06:59 | httpx - INFO - HTTP Request: GET https://rt.data.gov.hk/v2/transport/citybus/route-stop/CTB/171A/inbound "HTTP/1.1 200 OK"
18-Oct-23 19:06:59 | httpx - INFO - HTTP Request: GET https://rt.data.gov.hk/v2/transport/citybus/route-stop/CTB/115P/outbound "HTTP/1.1 200 OK"
18-Oct-23 19:06:59 | httpx - INFO - HTTP Request: GET https://rt.data.gov.hk/v2/transport/citybus/route-stop/CTB/19P/inbound "HTTP/1.1 200 OK"
18-Oct-23 19:06:59 | httpx - INFO - HTTP Request: GET https://rt.data.gov.hk/v2/transport/citybus/route-stop/CTB/101R/outbound "HTTP/1.1 200 OK"
18-Oct-23 19:06:59 | httpx - INFO - HTTP Request: GET https://rt.data.gov.hk/v2/transport/citybus/route-stop/CTB/101X/outbound "HTTP/1.1 200 OK"
18-Oct-23 19:06:59 | httpx - INFO - HTTP Request: GET https://rt.data.gov.hk/v2/transport/citybus/route-stop/CTB/1/inbound "HTTP/1.1 200 OK"
18-Oct-23 19:06:59 | httpx - INFO - HTTP Request: GET https://rt.data.gov.hk/v2/transport/citybus/route-stop/CTB/10/outbound "HTTP/1.1 200 OK"
18-Oct-23 19:06:59 | httpx - INFO - HTTP Request: GET https://rt.data.gov.hk/v2/transport/citybus/route-stop/CTB/110/outbound "HTTP/1.1 200 OK"
18-Oct-23 19:06:59 | httpx - INFO - HTTP Request: GET https://rt.data.gov.hk/v2/transport/citybus/route-stop/CTB/12A/outbound "HTTP/1.1 200 OK"
18-Oct-23 19:06:59 | httpx - INFO - HTTP Request: GET https://rt.data.gov.hk/v2/transport/citybus/route-stop/CTB/111P/outbound "HTTP/1.1 200 OK"
18-Oct-23 19:06:59 | httpx - INFO - HTTP Request: GET https://rt.data.gov.hk/v2/transport/citybus/route-stop/CTB/107P/outbound "HTTP/1.1 200 OK"
18-Oct-23 19:06:59 | httpx - INFO - HTTP Request: GET https://rt.data.gov.hk/v2/transport/citybus/route-stop/CTB/109/outbound "HTTP/1.1 200 OK"
18-Oct-23 19:06:59 | httpx - INFO - HTTP Request: GET https://rt.data.gov.hk/v2/transport/citybus/route-stop/CTB/106A/outbound "HTTP/1.1 200 OK"
18-Oct-23 19:06:59 | httpx - INFO - HTTP Request: GET https://rt.data.gov.hk/v2/transport/citybus/route-stop/CTB/107P/inbound "HTTP/1.1 200 OK"
18-Oct-23 19:06:59 | httpx - INFO - HTTP Request: GET https://rt.data.gov.hk/v2/transport/citybus/route-stop/CTB/109/inbound "HTTP/1.1 200 OK"
18-Oct-23 19:06:59 | httpx - INFO - HTTP Request: GET https://rt.data.gov.hk/v2/transport/citybus/route-stop/CTB/13/inbound "HTTP/1.1 200 OK"
18-Oct-23 19:06:59 | httpx - INFO - HTTP Request: GET https://rt.data.gov.hk/v2/transport/citybus/route-stop/CTB/102P/inbound "HTTP/1.1 200 OK"
18-Oct-23 19:06:59 | httpx - INFO - HTTP Request: GET https://rt.data.gov.hk/v2/transport/citybus/route-stop/CTB/10/inbound "HTTP/1.1 200 OK"
18-Oct-23 19:06:59 | httpx - INFO - HTTP Request: GET https://rt.data.gov.hk/v2/transport/citybus/route-stop/CTB/115/outbound "HTTP/1.1 200 OK"
18-Oct-23 19:06:59 | httpx - INFO - HTTP Request: GET https://rt.data.gov.hk/v2/transport/citybus/route-stop/CTB/102P/outbound "HTTP/1.1 200 OK"
18-Oct-23 19:06:59 | httpx - INFO - HTTP Request: GET https://rt.data.gov.hk/v2/transport/citybus/route-stop/CTB/117/inbound "HTTP/1.1 200 OK"
18-Oct-23 19:06:59 | httpx - INFO - HTTP Request: GET https://rt.data.gov.hk/v2/transport/citybus/route-stop/CTB/112/outbound "HTTP/1.1 200 OK"
18-Oct-23 19:06:59 | httpx - INFO - HTTP Request: GET https://rt.data.gov.hk/v2/transport/citybus/route-stop/CTB/1M/outbound "HTTP/1.1 200 OK"
18-Oct-23 19:06:59 | httpx - INFO - HTTP Request: GET https://rt.data.gov.hk/v2/transport/citybus/route-stop/CTB/1M/inbound "HTTP/1.1 200 OK"
18-Oct-23 19:06:59 | httpx - INFO - HTTP Request: GET https://rt.data.gov.hk/v2/transport/citybus/route-stop/CTB/1P/inbound "HTTP/1.1 200 OK"
18-Oct-23 19:06:59 | httpx - INFO - HTTP Request: GET https://rt.data.gov.hk/v2/transport/citybus/route-stop/CTB/111/inbound "HTTP/1.1 200 OK"
18-Oct-23 19:06:59 | httpx - INFO - HTTP Request: GET https://rt.data.gov.hk/v2/transport/citybus/route-stop/CTB/102/outbound "HTTP/1.1 200 OK"
18-Oct-23 19:06:59 | httpx - INFO - HTTP Request: GET https://rt.data.gov.hk/v2/transport/citybus/route-stop/CTB/18/outbound "HTTP/1.1 200 OK"
18-Oct-23 19:06:59 | httpx - INFO - HTTP Request: GET https://rt.data.gov.hk/v2/transport/citybus/route-stop/CTB/112/inbound "HTTP/1.1 200 OK"
18-Oct-23 19:06:59 | httpx - INFO - HTTP Request: GET https://rt.data.gov.hk/v2/transport/citybus/route-stop/CTB/13/outbound "HTTP/1.1 200 OK"
18-Oct-23 19:06:59 | httpx - INFO - HTTP Request: GET https://rt.data.gov.hk/v2/transport/citybus/route-stop/CTB/11/outbound "HTTP/1.1 200 OK"
18-Oct-23 19:06:59 | httpx - INFO - HTTP Request: GET https://rt.data.gov.hk/v2/transport/citybus/route-stop/CTB/101/outbound "HTTP/1.1 200 OK"
18-Oct-23 19:06:59 | httpx - INFO - HTTP Request: GET https://rt.data.gov.hk/v2/transport/citybus/route-stop/CTB/118P/outbound "HTTP/1.1 200 OK"
18-Oct-23 19:06:59 | httpx - INFO - HTTP Request: GET https://rt.data.gov.hk/v2/transport/citybus/route-stop/CTB/18X/inbound "HTTP/1.1 200 OK"
18-Oct-23 19:06:59 | httpx - INFO - HTTP Request: GET https://rt.data.gov.hk/v2/transport/citybus/route-stop/CTB/18P/outbound "HTTP/1.1 200 OK"
18-Oct-23 19:06:59 | httpx - INFO - HTTP Request: GET https://rt.data.gov.hk/v2/transport/citybus/route-stop/CTB/182X/outbound "HTTP/1.1 200 OK"
18-Oct-23 19:06:59 | httpx - INFO - HTTP Request: GET https://rt.data.gov.hk/v2/transport/citybus/route-stop/CTB/12/inbound "HTTP/1.1 200 OK"
18-Oct-23 19:06:59 | httpx - INFO - HTTP Request: GET https://rt.data.gov.hk/v2/transport/citybus/route-stop/CTB/104/outbound "HTTP/1.1 200 OK"
18-Oct-23 19:06:59 | httpx - INFO - HTTP Request: GET https://rt.data.gov.hk/v2/transport/citybus/route-stop/CTB/12M/outbound "HTTP/1.1 200 OK"
18-Oct-23 19:06:59 | httpx - INFO - HTTP Request: GET https://rt.data.gov.hk/v2/transport/citybus/route-stop/CTB/115/inbound "HTTP/1.1 200 OK"
18-Oct-23 19:06:59 | httpx - INFO - HTTP Request: GET https://rt.data.gov.hk/v2/transport/citybus/route-stop/CTB/117/outbound "HTTP/1.1 200 OK"
18-Oct-23 19:06:59 | httpx - INFO - HTTP Request: GET https://rt.data.gov.hk/v2/transport/citybus/route-stop/CTB/106/outbound "HTTP/1.1 200 OK"
18-Oct-23 19:06:59 | httpx - INFO - HTTP Request: GET https://rt.data.gov.hk/v2/transport/citybus/route-stop/CTB/107/outbound "HTTP/1.1 200 OK"
18-Oct-23 19:06:59 | httpx - INFO - HTTP Request: GET https://rt.data.gov.hk/v2/transport/citybus/route-stop/CTB/107/inbound "HTTP/1.1 200 OK"
18-Oct-23 19:06:59 | httpx - INFO - HTTP Request: GET https://rt.data.gov.hk/v2/transport/citybus/route-stop/CTB/11/inbound "HTTP/1.1 200 OK"
18-Oct-23 19:06:59 | httpx - INFO - HTTP Request: GET https://rt.data.gov.hk/v2/transport/citybus/route-stop/CTB/15B/inbound "HTTP/1.1 200 OK"
18-Oct-23 19:06:59 | httpx - INFO - HTTP Request: GET https://rt.data.gov.hk/v2/transport/citybus/route-stop/CTB/171A/outbound "HTTP/1.1 200 OK"
18-Oct-23 19:06:59 | httpx - INFO - HTTP Request: GET https://rt.data.gov.hk/v2/transport/citybus/route-stop/CTB/1/outbound "HTTP/1.1 200 OK"
18-Oct-23 19:06:59 | httpx - INFO - HTTP Request: GET https://rt.data.gov.hk/v2/transport/citybus/route-stop/CTB/171P/outbound "HTTP/1.1 200 OK"
18-Oct-23 19:06:59 | httpx - INFO - HTTP Request: GET https://rt.data.gov.hk/v2/transport/citybus/route-stop/CTB/110/inbound "HTTP/1.1 200 OK"
18-Oct-23 19:06:59 | httpx - INFO - HTTP Request: GET https://rt.data.gov.hk/v2/transport/citybus/route-stop/CTB/15B/outbound "HTTP/1.1 200 OK"
18-Oct-23 19:06:59 | httpx - INFO - HTTP Request: GET https://rt.data.gov.hk/v2/transport/citybus/route-stop/CTB/102/inbound "HTTP/1.1 200 OK"
18-Oct-23 19:06:59 | httpx - INFO - HTTP Request: GET https://rt.data.gov.hk/v2/transport/citybus/route-stop/CTB/118/outbound "HTTP/1.1 200 OK"
18-Oct-23 19:06:59 | httpx - INFO - HTTP Request: GET https://rt.data.gov.hk/v2/transport/citybus/route-stop/CTB/20A/outbound "HTTP/1.1 200 OK"
18-Oct-23 19:06:59 | httpx - INFO - HTTP Request: GET https://rt.data.gov.hk/v2/transport/citybus/route-stop/CTB/118/inbound "HTTP/1.1 200 OK"
18-Oct-23 19:06:59 | httpx - INFO - HTTP Request: GET https://rt.data.gov.hk/v2/transport/citybus/route-stop/CTB/116/inbound "HTTP/1.1 200 OK"
18-Oct-23 19:06:59 | httpx - INFO - HTTP Request: GET https://rt.data.gov.hk/v2/transport/citybus/route-stop/CTB/12/outbound "HTTP/1.1 200 OK"
18-Oct-23 19:06:59 | httpx - INFO - HTTP Request: GET https://rt.data.gov.hk/v2/transport/citybus/route-stop/CTB/2X/inbound "HTTP/1.1 200 OK"
18-Oct-23 19:06:59 | httpx - INFO - HTTP Request: GET https://rt.data.gov.hk/v2/transport/citybus/route-stop/CTB/103/inbound "HTTP/1.1 200 OK"
18-Oct-23 19:06:59 | httpx - INFO - HTTP Request: GET https://rt.data.gov.hk/v2/transport/citybus/route-stop/CTB/116/outbound "HTTP/1.1 200 OK"
18-Oct-23 19:06:59 | httpx - INFO - HTTP Request: GET https://rt.data.gov.hk/v2/transport/citybus/route-stop/CTB/101/inbound "HTTP/1.1 200 OK"
18-Oct-23 19:06:59 | httpx - INFO - HTTP Request: GET https://rt.data.gov.hk/v2/transport/citybus/route-stop/CTB/18P/inbound "HTTP/1.1 200 OK"
18-Oct-23 19:06:59 | httpx - INFO - HTTP Request: GET https://rt.data.gov.hk/v2/transport/citybus/route-stop/CTB/18/inbound "HTTP/1.1 200 OK"
18-Oct-23 19:06:59 | httpx - INFO - HTTP Request: GET https://rt.data.gov.hk/v2/transport/citybus/route-stop/CTB/20/outbound "HTTP/1.1 200 OK"
18-Oct-23 19:06:59 | httpx - INFO - HTTP Request: GET https://rt.data.gov.hk/v2/transport/citybus/route-stop/CTB/103/outbound "HTTP/1.1 200 OK"
18-Oct-23 19:06:59 | httpx - INFO - HTTP Request: GET https://rt.data.gov.hk/v2/transport/citybus/route-stop/CTB/111P/inbound "HTTP/1.1 200 OK"
18-Oct-23 19:06:59 | httpx - INFO - HTTP Request: GET https://rt.data.gov.hk/v2/transport/citybus/route-stop/CTB/904/outbound "HTTP/1.1 200 OK"
18-Oct-23 19:06:59 | httpx - INFO - HTTP Request: GET https://rt.data.gov.hk/v2/transport/citybus/route-stop/CTB/22D/inbound "HTTP/1.1 200 OK"
18-Oct-23 19:06:59 | httpx - INFO - HTTP Request: GET https://rt.data.gov.hk/v2/transport/citybus/route-stop/CTB/15/inbound "HTTP/1.1 200 OK"
18-Oct-23 19:06:59 | httpx - INFO - HTTP Request: GET https://rt.data.gov.hk/v2/transport/citybus/route-stop/CTB/14/inbound "HTTP/1.1 200 OK"
18-Oct-23 19:06:59 | httpx - INFO - HTTP Request: GET https://rt.data.gov.hk/v2/transport/citybus/route-stop/CTB/20R/outbound "HTTP/1.1 200 OK"
18-Oct-23 19:06:59 | httpx - INFO - HTTP Request: GET https://rt.data.gov.hk/v2/transport/citybus/route-stop/CTB/171/outbound "HTTP/1.1 200 OK"
18-Oct-23 19:06:59 | httpx - INFO - HTTP Request: GET https://rt.data.gov.hk/v2/transport/citybus/route-stop/CTB/170/inbound "HTTP/1.1 200 OK"
18-Oct-23 19:06:59 | httpx - INFO - HTTP Request: GET https://rt.data.gov.hk/v2/transport/citybus/route-stop/CTB/106P/inbound "HTTP/1.1 200 OK"
18-Oct-23 19:06:59 | httpx - INFO - HTTP Request: GET https://rt.data.gov.hk/v2/transport/citybus/route-stop/CTB/182/outbound "HTTP/1.1 200 OK"
18-Oct-23 19:06:59 | httpx - INFO - HTTP Request: GET https://rt.data.gov.hk/v2/transport/citybus/route-stop/CTB/171/inbound "HTTP/1.1 200 OK"
18-Oct-23 19:06:59 | httpx - INFO - HTTP Request: GET https://rt.data.gov.hk/v2/transport/citybus/route-stop/CTB/118P/inbound "HTTP/1.1 200 OK"
18-Oct-23 19:06:59 | httpx - INFO - HTTP Request: GET https://rt.data.gov.hk/v2/transport/citybus/route-stop/CTB/104/inbound "HTTP/1.1 200 OK"
18-Oct-23 19:06:59 | httpx - INFO - HTTP Request: GET https://rt.data.gov.hk/v2/transport/citybus/route-stop/CTB/182/inbound "HTTP/1.1 200 OK"
18-Oct-23 19:06:59 | httpx - INFO - HTTP Request: GET https://rt.data.gov.hk/v2/transport/citybus/route-stop/CTB/113/outbound "HTTP/1.1 200 OK"
18-Oct-23 19:06:59 | httpx - INFO - HTTP Request: GET https://rt.data.gov.hk/v2/transport/citybus/route-stop/CTB/20/inbound "HTTP/1.1 200 OK"
18-Oct-23 19:06:59 | httpx - INFO - HTTP Request: GET https://rt.data.gov.hk/v2/transport/citybus/route-stop/CTB/106P/outbound "HTTP/1.1 200 OK"
18-Oct-23 19:06:59 | httpx - INFO - HTTP Request: GET https://rt.data.gov.hk/v2/transport/citybus/route-stop/CTB/19P/outbound "HTTP/1.1 200 OK"
18-Oct-23 19:06:59 | httpx - INFO - HTTP Request: GET https://rt.data.gov.hk/v2/transport/citybus/route-stop/CTB/18X/outbound "HTTP/1.1 200 OK"
18-Oct-23 19:06:59 | httpx - INFO - HTTP Request: GET https://rt.data.gov.hk/v2/transport/citybus/route-stop/CTB/113/inbound "HTTP/1.1 200 OK"
18-Oct-23 19:06:59 | httpx - INFO - HTTP Request: GET https://rt.data.gov.hk/v2/transport/citybus/route-stop/CTB/170/outbound "HTTP/1.1 200 OK"
18-Oct-23 19:06:59 | httpx - INFO - HTTP Request: GET https://rt.data.gov.hk/v2/transport/citybus/route-stop/CTB/14/outbound "HTTP/1.1 200 OK"
18-Oct-23 19:06:59 | httpx - INFO - HTTP Request: GET https://rt.data.gov.hk/v2/transport/citybus/route-stop/CTB/2/outbound "HTTP/1.1 200 OK"
18-Oct-23 19:06:59 | httpx - INFO - HTTP Request: GET https://rt.data.gov.hk/v2/transport/citybus/route-stop/CTB/15/outbound "HTTP/1.1 200 OK"
18-Oct-23 19:06:59 | httpx - INFO - HTTP Request: GET https://rt.data.gov.hk/v2/transport/citybus/route-stop/CTB/B3/outbound "HTTP/1.1 200 OK"
18-Oct-23 19:06:59 | httpx - INFO - HTTP Request: GET https://rt.data.gov.hk/v2/transport/citybus/route-stop/CTB/49X/inbound "HTTP/1.1 200 OK"
18-Oct-23 19:06:59 | httpx - INFO - HTTP Request: GET https://rt.data.gov.hk/v2/transport/citybus/route-stop/CTB/B3/inbound "HTTP/1.1 200 OK"
18-Oct-23 19:06:59 | httpx - INFO - HTTP Request: GET https://rt.data.gov.hk/v2/transport/citybus/route-stop/CTB/20R/inbound "HTTP/1.1 200 OK"
18-Oct-23 19:06:59 | httpx - INFO - HTTP Request: GET https://rt.data.gov.hk/v2/transport/citybus/route-stop/CTB/37A/inbound "HTTP/1.1 200 OK"
18-Oct-23 19:06:59 | httpx - INFO - HTTP Request: GET https://rt.data.gov.hk/v2/transport/citybus/route-stop/CTB/619P/inbound "HTTP/1.1 200 OK"
18-Oct-23 19:06:59 | httpx - INFO - HTTP Request: GET https://rt.data.gov.hk/v2/transport/citybus/route-stop/CTB/2/inbound "HTTP/1.1 200 OK"
18-Oct-23 19:06:59 | httpx - INFO - HTTP Request: GET https://rt.data.gov.hk/v2/transport/citybus/route-stop/CTB/389/inbound "HTTP/1.1 200 OK"
18-Oct-23 19:07:00 | httpx - INFO - HTTP Request: GET https://rt.data.gov.hk/v2/transport/citybus/route-stop/CTB/106/inbound "HTTP/1.1 200 OK"
18-Oct-23 19:07:00 | httpx - INFO - HTTP Request: GET https://rt.data.gov.hk/v2/transport/citybus/route-stop/CTB/40M/inbound "HTTP/1.1 200 OK"
18-Oct-23 19:07:00 | httpx - INFO - HTTP Request: GET https://rt.data.gov.hk/v2/transport/citybus/route-stop/CTB/22R/outbound "HTTP/1.1 200 OK"
18-Oct-23 19:07:00 | httpx - INFO - HTTP Request: GET https://rt.data.gov.hk/v2/transport/citybus/route-stop/CTB/22D/outbound "HTTP/1.1 200 OK"
18-Oct-23 19:07:00 | httpx - INFO - HTTP Request: GET https://rt.data.gov.hk/v2/transport/citybus/route-stop/CTB/37X/inbound "HTTP/1.1 200 OK"
18-Oct-23 19:07:00 | httpx - INFO - HTTP Request: GET https://rt.data.gov.hk/v2/transport/citybus/route-stop/CTB/671X/inbound "HTTP/1.1 200 OK"
18-Oct-23 19:07:00 | httpx - INFO - HTTP Request: GET https://rt.data.gov.hk/v2/transport/citybus/route-stop/CTB/790/outbound "HTTP/1.1 200 OK"
18-Oct-23 19:07:00 | httpx - INFO - HTTP Request: GET https://rt.data.gov.hk/v2/transport/citybus/route-stop/CTB/701R/inbound "HTTP/1.1 200 OK"
18-Oct-23 19:07:00 | httpx - INFO - HTTP Request: GET https://rt.data.gov.hk/v2/transport/citybus/route-stop/CTB/22M/inbound "HTTP/1.1 200 OK"
18-Oct-23 19:07:00 | httpx - INFO - HTTP Request: GET https://rt.data.gov.hk/v2/transport/citybus/route-stop/CTB/619X/outbound "HTTP/1.1 200 OK"
18-Oct-23 19:07:00 | httpx - INFO - HTTP Request: GET https://rt.data.gov.hk/v2/transport/citybus/route-stop/CTB/22/outbound "HTTP/1.1 200 OK"
18-Oct-23 19:07:00 | httpx - INFO - HTTP Request: GET https://rt.data.gov.hk/v2/transport/citybus/route-stop/CTB/A29P/outbound "HTTP/1.1 200 OK"
18-Oct-23 19:07:00 | httpx - INFO - HTTP Request: GET https://rt.data.gov.hk/v2/transport/citybus/route-stop/CTB/22R/inbound "HTTP/1.1 200 OK"
18-Oct-23 19:07:00 | httpx - INFO - HTTP Request: GET https://rt.data.gov.hk/v2/transport/citybus/route-stop/CTB/23X/inbound "HTTP/1.1 200 OK"
18-Oct-23 19:07:00 | httpx - INFO - HTTP Request: GET https://rt.data.gov.hk/v2/transport/citybus/route-stop/CTB/948X/inbound "HTTP/1.1 200 OK"
18-Oct-23 19:07:00 | httpx - INFO - HTTP Request: GET https://rt.data.gov.hk/v2/transport/citybus/route-stop/CTB/388/inbound "HTTP/1.1 200 OK"
18-Oct-23 19:07:00 | httpx - INFO - HTTP Request: GET https://rt.data.gov.hk/v2/transport/citybus/route-stop/CTB/22X/outbound "HTTP/1.1 200 OK"
18-Oct-23 19:07:00 | httpx - INFO - HTTP Request: GET https://rt.data.gov.hk/v2/transport/citybus/route-stop/CTB/22X/inbound "HTTP/1.1 200 OK"
18-Oct-23 19:07:00 | httpx - INFO - HTTP Request: GET https://rt.data.gov.hk/v2/transport/citybus/route-stop/CTB/608/outbound "HTTP/1.1 200 OK"
18-Oct-23 19:07:00 | httpx - INFO - HTTP Request: GET https://rt.data.gov.hk/v2/transport/citybus/route-stop/CTB/307A/inbound "HTTP/1.1 200 OK"
18-Oct-23 19:07:00 | httpx - INFO - HTTP Request: GET https://rt.data.gov.hk/v2/transport/citybus/route-stop/CTB/701S/inbound "HTTP/1.1 200 OK"
18-Oct-23 19:07:00 | httpx - INFO - HTTP Request: GET https://rt.data.gov.hk/v2/transport/citybus/route-stop/CTB/302/inbound "HTTP/1.1 200 OK"
18-Oct-23 19:07:00 | httpx - INFO - HTTP Request: GET https://rt.data.gov.hk/v2/transport/citybus/route-stop/CTB/606X/inbound "HTTP/1.1 200 OK"
18-Oct-23 19:07:00 | httpx - INFO - HTTP Request: GET https://rt.data.gov.hk/v2/transport/citybus/route-stop/CTB/2A/outbound "HTTP/1.1 200 OK"
18-Oct-23 19:07:00 | httpx - INFO - HTTP Request: GET https://rt.data.gov.hk/v2/transport/citybus/route-stop/CTB/702/inbound "HTTP/1.1 200 OK"
18-Oct-23 19:07:00 | httpx - INFO - HTTP Request: GET https://rt.data.gov.hk/v2/transport/citybus/route-stop/CTB/A29P/inbound "HTTP/1.1 200 OK"
18-Oct-23 19:07:00 | httpx - INFO - HTTP Request: GET https://rt.data.gov.hk/v2/transport/citybus/route-stop/CTB/701A/outbound "HTTP/1.1 200 OK"
18-Oct-23 19:07:00 | httpx - INFO - HTTP Request: GET https://rt.data.gov.hk/v2/transport/citybus/route-stop/CTB/22/inbound "HTTP/1.1 200 OK"
18-Oct-23 19:07:00 | httpx - INFO - HTTP Request: GET https://rt.data.gov.hk/v2/transport/citybus/route-stop/CTB/26/inbound "HTTP/1.1 200 OK"
18-Oct-23 19:07:00 | httpx - INFO - HTTP Request: GET https://rt.data.gov.hk/v2/transport/citybus/route-stop/CTB/93/outbound "HTTP/1.1 200 OK"
18-Oct-23 19:07:00 | httpx - INFO - HTTP Request: GET https://rt.data.gov.hk/v2/transport/citybus/route-stop/CTB/73P/inbound "HTTP/1.1 200 OK"
18-Oct-23 19:07:00 | httpx - INFO - HTTP Request: GET https://rt.data.gov.hk/v2/transport/citybus/route-stop/CTB/3A/outbound "HTTP/1.1 200 OK"
18-Oct-23 19:07:00 | httpx - INFO - HTTP Request: GET https://rt.data.gov.hk/v2/transport/citybus/route-stop/CTB/3A/inbound "HTTP/1.1 200 OK"
18-Oct-23 19:07:00 | httpx - INFO - HTTP Request: GET https://rt.data.gov.hk/v2/transport/citybus/route-stop/CTB/792M/inbound "HTTP/1.1 200 OK"
18-Oct-23 19:07:00 | httpx - INFO - HTTP Request: GET https://rt.data.gov.hk/v2/transport/citybus/route-stop/CTB/20A/inbound "HTTP/1.1 200 OK"
18-Oct-23 19:07:00 | httpx - INFO - HTTP Request: GET https://rt.data.gov.hk/v2/transport/citybus/route-stop/CTB/78X/outbound "HTTP/1.1 200 OK"
18-Oct-23 19:07:00 | httpx - INFO - HTTP Request: GET https://rt.data.gov.hk/v2/transport/citybus/route-stop/CTB/702A/inbound "HTTP/1.1 200 OK"
18-Oct-23 19:07:00 | httpx - INFO - HTTP Request: GET https://rt.data.gov.hk/v2/transport/citybus/route-stop/CTB/22M/outbound "HTTP/1.1 200 OK"
18-Oct-23 19:07:00 | httpx - INFO - HTTP Request: GET https://rt.data.gov.hk/v2/transport/citybus/route-stop/CTB/302A/outbound "HTTP/1.1 200 OK"
18-Oct-23 19:07:00 | httpx - INFO - HTTP Request: GET https://rt.data.gov.hk/v2/transport/citybus/route-stop/CTB/511/inbound "HTTP/1.1 200 OK"
18-Oct-23 19:07:00 | httpx - INFO - HTTP Request: GET https://rt.data.gov.hk/v2/transport/citybus/route-stop/CTB/A26P/inbound "HTTP/1.1 200 OK"
18-Oct-23 19:07:00 | httpx - INFO - HTTP Request: GET https://rt.data.gov.hk/v2/transport/citybus/route-stop/CTB/4X/outbound "HTTP/1.1 200 OK"
18-Oct-23 19:07:00 | httpx - INFO - HTTP Request: GET https://rt.data.gov.hk/v2/transport/citybus/route-stop/CTB/40P/inbound "HTTP/1.1 200 OK"
18-Oct-23 19:07:00 | httpx - INFO - HTTP Request: GET https://rt.data.gov.hk/v2/transport/citybus/route-stop/CTB/25A/outbound "HTTP/1.1 200 OK"
18-Oct-23 19:07:00 | httpx - INFO - HTTP Request: GET https://rt.data.gov.hk/v2/transport/citybus/route-stop/CTB/690S/inbound "HTTP/1.1 200 OK"
18-Oct-23 19:07:00 | httpx - INFO - HTTP Request: GET https://rt.data.gov.hk/v2/transport/citybus/route-stop/CTB/26/outbound "HTTP/1.1 200 OK"
18-Oct-23 19:07:00 | httpx - INFO - HTTP Request: GET https://rt.data.gov.hk/v2/transport/citybus/route-stop/CTB/82X/outbound "HTTP/1.1 200 OK"
18-Oct-23 19:07:00 | httpx - INFO - HTTP Request: GET https://rt.data.gov.hk/v2/transport/citybus/route-stop/CTB/302A/inbound "HTTP/1.1 200 OK"
18-Oct-23 19:07:00 | httpx - INFO - HTTP Request: GET https://rt.data.gov.hk/v2/transport/citybus/route-stop/CTB/969B/inbound "HTTP/1.1 200 OK"
18-Oct-23 19:07:00 | httpx - INFO - HTTP Request: GET https://rt.data.gov.hk/v2/transport/citybus/route-stop/CTB/2A/inbound "HTTP/1.1 200 OK"
18-Oct-23 19:07:00 | httpx - INFO - HTTP Request: GET https://rt.data.gov.hk/v2/transport/citybus/route-stop/CTB/30X/inbound "HTTP/1.1 200 OK"
18-Oct-23 19:07:00 | httpx - INFO - HTTP Request: GET https://rt.data.gov.hk/v2/transport/citybus/route-stop/CTB/307A/outbound "HTTP/1.1 200 OK"
18-Oct-23 19:07:00 | httpx - INFO - HTTP Request: GET https://rt.data.gov.hk/v2/transport/citybus/route-stop/CTB/49X/outbound "HTTP/1.1 200 OK"
18-Oct-23 19:07:00 | httpx - INFO - HTTP Request: GET https://rt.data.gov.hk/v2/transport/citybus/route-stop/CTB/702A/outbound "HTTP/1.1 200 OK"
18-Oct-23 19:07:00 | httpx - INFO - HTTP Request: GET https://rt.data.gov.hk/v2/transport/citybus/route-stop/CTB/85A/inbound "HTTP/1.1 200 OK"
18-Oct-23 19:07:00 | httpx - INFO - HTTP Request: GET https://rt.data.gov.hk/v2/transport/citybus/route-stop/CTB/619X/inbound "HTTP/1.1 200 OK"
18-Oct-23 19:07:00 | httpx - INFO - HTTP Request: GET https://rt.data.gov.hk/v2/transport/citybus/route-stop/CTB/50M/inbound "HTTP/1.1 200 OK"
18-Oct-23 19:07:00 | httpx - INFO - HTTP Request: GET https://rt.data.gov.hk/v2/transport/citybus/route-stop/CTB/2X/outbound "HTTP/1.1 200 OK"
18-Oct-23 19:07:00 | httpx - INFO - HTTP Request: GET https://rt.data.gov.hk/v2/transport/citybus/route-stop/CTB/33X/inbound "HTTP/1.1 200 OK"
18-Oct-23 19:07:00 | httpx - INFO - HTTP Request: GET https://rt.data.gov.hk/v2/transport/citybus/route-stop/CTB/25/inbound "HTTP/1.1 200 OK"
18-Oct-23 19:07:00 | httpx - INFO - HTTP Request: GET https://rt.data.gov.hk/v2/transport/citybus/route-stop/CTB/55/inbound "HTTP/1.1 200 OK"
18-Oct-23 19:07:00 | httpx - INFO - HTTP Request: GET https://rt.data.gov.hk/v2/transport/citybus/route-stop/CTB/307/outbound "HTTP/1.1 200 OK"
18-Oct-23 19:07:00 | httpx - INFO - HTTP Request: GET https://rt.data.gov.hk/v2/transport/citybus/route-stop/CTB/27/outbound "HTTP/1.1 200 OK"
18-Oct-23 19:07:00 | httpx - INFO - HTTP Request: GET https://rt.data.gov.hk/v2/transport/citybus/route-stop/CTB/23B/outbound "HTTP/1.1 200 OK"
18-Oct-23 19:07:00 | httpx - INFO - HTTP Request: GET https://rt.data.gov.hk/v2/transport/citybus/route-stop/CTB/30X/outbound "HTTP/1.1 200 OK"
18-Oct-23 19:07:00 | httpx - INFO - HTTP Request: GET https://rt.data.gov.hk/v2/transport/citybus/route-stop/CTB/930X/inbound "HTTP/1.1 200 OK"
18-Oct-23 19:07:00 | httpx - INFO - HTTP Request: GET https://rt.data.gov.hk/v2/transport/citybus/route-stop/CTB/302/outbound "HTTP/1.1 200 OK"
18-Oct-23 19:07:00 | httpx - INFO - HTTP Request: GET https://rt.data.gov.hk/v2/transport/citybus/route-stop/CTB/23X/outbound "HTTP/1.1 200 OK"
18-Oct-23 19:07:00 | httpx - INFO - HTTP Request: GET https://rt.data.gov.hk/v2/transport/citybus/route-stop/CTB/56/outbound "HTTP/1.1 200 OK"
18-Oct-23 19:07:00 | httpx - INFO - HTTP Request: GET https://rt.data.gov.hk/v2/transport/citybus/route-stop/CTB/969A/inbound "HTTP/1.1 200 OK"
18-Oct-23 19:07:00 | httpx - INFO - HTTP Request: GET https://rt.data.gov.hk/v2/transport/citybus/route-stop/CTB/82S/outbound "HTTP/1.1 200 OK"
18-Oct-23 19:07:00 | httpx - INFO - HTTP Request: GET https://rt.data.gov.hk/v2/transport/citybus/route-stop/CTB/793/outbound "HTTP/1.1 200 OK"
18-Oct-23 19:07:00 | httpx - INFO - HTTP Request: GET https://rt.data.gov.hk/v2/transport/citybus/route-stop/CTB/27/inbound "HTTP/1.1 200 OK"
18-Oct-23 19:07:00 | httpx - INFO - HTTP Request: GET https://rt.data.gov.hk/v2/transport/citybus/route-stop/CTB/967X/inbound "HTTP/1.1 200 OK"
18-Oct-23 19:07:00 | httpx - INFO - HTTP Request: GET https://rt.data.gov.hk/v2/transport/citybus/route-stop/CTB/702B/outbound "HTTP/1.1 200 OK"
18-Oct-23 19:07:00 | httpx - INFO - HTTP Request: GET https://rt.data.gov.hk/v2/transport/citybus/route-stop/CTB/260/inbound "HTTP/1.1 200 OK"
18-Oct-23 19:07:00 | httpx - INFO - HTTP Request: GET https://rt.data.gov.hk/v2/transport/citybus/route-stop/CTB/65/inbound "HTTP/1.1 200 OK"
18-Oct-23 19:07:00 | httpx - INFO - HTTP Request: GET https://rt.data.gov.hk/v2/transport/citybus/route-stop/CTB/792M/outbound "HTTP/1.1 200 OK"
18-Oct-23 19:07:00 | httpx - INFO - HTTP Request: GET https://rt.data.gov.hk/v2/transport/citybus/route-stop/CTB/25A/inbound "HTTP/1.1 200 OK"
18-Oct-23 19:07:00 | httpx - INFO - HTTP Request: GET https://rt.data.gov.hk/v2/transport/citybus/route-stop/CTB/629M/inbound "HTTP/1.1 200 OK"
18-Oct-23 19:07:00 | httpx - INFO - HTTP Request: GET https://rt.data.gov.hk/v2/transport/citybus/route-stop/CTB/641/outbound "HTTP/1.1 200 OK"
18-Oct-23 19:07:00 | httpx - INFO - HTTP Request: GET https://rt.data.gov.hk/v2/transport/citybus/route-stop/CTB/260/outbound "HTTP/1.1 200 OK"
18-Oct-23 19:07:00 | httpx - INFO - HTTP Request: GET https://rt.data.gov.hk/v2/transport/citybus/route-stop/CTB/23B/inbound "HTTP/1.1 200 OK"
18-Oct-23 19:07:00 | httpx - INFO - HTTP Request: GET https://rt.data.gov.hk/v2/transport/citybus/route-stop/CTB/23/outbound "HTTP/1.1 200 OK"
18-Oct-23 19:07:00 | httpx - INFO - HTTP Request: GET https://rt.data.gov.hk/v2/transport/citybus/route-stop/CTB/38/inbound "HTTP/1.1 200 OK"
18-Oct-23 19:07:00 | httpx - INFO - HTTP Request: GET https://rt.data.gov.hk/v2/transport/citybus/route-stop/CTB/4/outbound "HTTP/1.1 200 OK"
18-Oct-23 19:07:00 | httpx - INFO - HTTP Request: GET https://rt.data.gov.hk/v2/transport/citybus/route-stop/CTB/23/inbound "HTTP/1.1 200 OK"
18-Oct-23 19:07:00 | httpx - INFO - HTTP Request: GET https://rt.data.gov.hk/v2/transport/citybus/route-stop/CTB/93/inbound "HTTP/1.1 200 OK"
18-Oct-23 19:07:00 | httpx - INFO - HTTP Request: GET https://rt.data.gov.hk/v2/transport/citybus/route-stop/CTB/50M/outbound "HTTP/1.1 200 OK"
18-Oct-23 19:07:00 | httpx - INFO - HTTP Request: GET https://rt.data.gov.hk/v2/transport/citybus/route-stop/CTB/65/outbound "HTTP/1.1 200 OK"
18-Oct-23 19:07:00 | httpx - INFO - HTTP Request: GET https://rt.data.gov.hk/v2/transport/citybus/route-stop/CTB/61R/outbound "HTTP/1.1 200 OK"
18-Oct-23 19:07:00 | httpx - INFO - HTTP Request: GET https://rt.data.gov.hk/v2/transport/citybus/route-stop/CTB/25/outbound "HTTP/1.1 200 OK"
18-Oct-23 19:07:00 | httpx - INFO - HTTP Request: GET https://rt.data.gov.hk/v2/transport/citybus/route-stop/CTB/50/inbound "HTTP/1.1 200 OK"
18-Oct-23 19:07:00 | httpx - INFO - HTTP Request: GET https://rt.data.gov.hk/v2/transport/citybus/route-stop/CTB/82X/inbound "HTTP/1.1 200 OK"
18-Oct-23 19:07:01 | httpx - INFO - HTTP Request: GET https://rt.data.gov.hk/v2/transport/citybus/route-stop/CTB/629/inbound "HTTP/1.1 200 OK"
18-Oct-23 19:07:01 | httpx - INFO - HTTP Request: GET https://rt.data.gov.hk/v2/transport/citybus/route-stop/CTB/969B/outbound "HTTP/1.1 200 OK"
18-Oct-23 19:07:01 | httpx - INFO - HTTP Request: GET https://rt.data.gov.hk/v2/transport/citybus/route-stop/CTB/307/inbound "HTTP/1.1 200 OK"
18-Oct-23 19:07:01 | httpx - INFO - HTTP Request: GET https://rt.data.gov.hk/v2/transport/citybus/route-stop/CTB/56A/inbound "HTTP/1.1 200 OK"
18-Oct-23 19:07:01 | httpx - INFO - HTTP Request: GET https://rt.data.gov.hk/v2/transport/citybus/route-stop/CTB/969/inbound "HTTP/1.1 200 OK"
18-Oct-23 19:07:01 | httpx - INFO - HTTP Request: GET https://rt.data.gov.hk/v2/transport/citybus/route-stop/CTB/40/inbound "HTTP/1.1 200 OK"
18-Oct-23 19:07:01 | httpx - INFO - HTTP Request: GET https://rt.data.gov.hk/v2/transport/citybus/route-stop/CTB/678/outbound "HTTP/1.1 200 OK"
18-Oct-23 19:07:01 | httpx - INFO - HTTP Request: GET https://rt.data.gov.hk/v2/transport/citybus/route-stop/CTB/37X/outbound "HTTP/1.1 200 OK"
18-Oct-23 19:07:01 | httpx - INFO - HTTP Request: GET https://rt.data.gov.hk/v2/transport/citybus/route-stop/CTB/793/inbound "HTTP/1.1 200 OK"
18-Oct-23 19:07:01 | httpx - INFO - HTTP Request: GET https://rt.data.gov.hk/v2/transport/citybus/route-stop/CTB/40M/outbound "HTTP/1.1 200 OK"
18-Oct-23 19:07:01 | httpx - INFO - HTTP Request: GET https://rt.data.gov.hk/v2/transport/citybus/route-stop/CTB/37B/inbound "HTTP/1.1 200 OK"
18-Oct-23 19:07:01 | httpx - INFO - HTTP Request: GET https://rt.data.gov.hk/v2/transport/citybus/route-stop/CTB/690S/outbound "HTTP/1.1 200 OK"
18-Oct-23 19:07:01 | httpx - INFO - HTTP Request: GET https://rt.data.gov.hk/v2/transport/citybus/route-stop/CTB/592/outbound "HTTP/1.1 200 OK"
18-Oct-23 19:07:01 | httpx - INFO - HTTP Request: GET https://rt.data.gov.hk/v2/transport/citybus/route-stop/CTB/629M/outbound "HTTP/1.1 200 OK"
18-Oct-23 19:07:01 | httpx - INFO - HTTP Request: GET https://rt.data.gov.hk/v2/transport/citybus/route-stop/CTB/94A/outbound "HTTP/1.1 200 OK"
18-Oct-23 19:07:01 | httpx - INFO - HTTP Request: GET https://rt.data.gov.hk/v2/transport/citybus/route-stop/CTB/78/inbound "HTTP/1.1 200 OK"
18-Oct-23 19:07:01 | httpx - INFO - HTTP Request: GET https://rt.data.gov.hk/v2/transport/citybus/route-stop/CTB/55/outbound "HTTP/1.1 200 OK"
18-Oct-23 19:07:01 | httpx - INFO - HTTP Request: GET https://rt.data.gov.hk/v2/transport/citybus/route-stop/CTB/969C/outbound "HTTP/1.1 200 OK"
18-Oct-23 19:07:01 | httpx - INFO - HTTP Request: GET https://rt.data.gov.hk/v2/transport/citybus/route-stop/CTB/82S/inbound "HTTP/1.1 200 OK"
18-Oct-23 19:07:01 | httpx - INFO - HTTP Request: GET https://rt.data.gov.hk/v2/transport/citybus/route-stop/CTB/63/inbound "HTTP/1.1 200 OK"
18-Oct-23 19:07:01 | httpx - INFO - HTTP Request: GET https://rt.data.gov.hk/v2/transport/citybus/route-stop/CTB/37B/outbound "HTTP/1.1 200 OK"
18-Oct-23 19:07:01 | httpx - INFO - HTTP Request: GET https://rt.data.gov.hk/v2/transport/citybus/route-stop/CTB/N182/inbound "HTTP/1.1 200 OK"
18-Oct-23 19:07:01 | httpx - INFO - HTTP Request: GET https://rt.data.gov.hk/v2/transport/citybus/route-stop/CTB/X8/inbound "HTTP/1.1 200 OK"
18-Oct-23 19:07:01 | httpx - INFO - HTTP Request: GET https://rt.data.gov.hk/v2/transport/citybus/route-stop/CTB/93C/inbound "HTTP/1.1 200 OK"
18-Oct-23 19:07:01 | httpx - INFO - HTTP Request: GET https://rt.data.gov.hk/v2/transport/citybus/route-stop/CTB/40/outbound "HTTP/1.1 200 OK"
18-Oct-23 19:07:01 | httpx - INFO - HTTP Request: GET https://rt.data.gov.hk/v2/transport/citybus/route-stop/CTB/904/inbound "HTTP/1.1 200 OK"
18-Oct-23 19:07:01 | httpx - INFO - HTTP Request: GET https://rt.data.gov.hk/v2/transport/citybus/route-stop/CTB/A26P/outbound "HTTP/1.1 200 OK"
18-Oct-23 19:07:01 | httpx - INFO - HTTP Request: GET https://rt.data.gov.hk/v2/transport/citybus/route-stop/CTB/56A/outbound "HTTP/1.1 200 OK"
18-Oct-23 19:07:01 | httpx - INFO - HTTP Request: GET https://rt.data.gov.hk/v2/transport/citybus/route-stop/CTB/629/outbound "HTTP/1.1 200 OK"
18-Oct-23 19:07:01 | httpx - INFO - HTTP Request: GET https://rt.data.gov.hk/v2/transport/citybus/route-stop/CTB/621/inbound "HTTP/1.1 200 OK"
18-Oct-23 19:07:01 | httpx - INFO - HTTP Request: GET https://rt.data.gov.hk/v2/transport/citybus/route-stop/CTB/681/inbound "HTTP/1.1 200 OK"
18-Oct-23 19:07:01 | httpx - INFO - HTTP Request: GET https://rt.data.gov.hk/v2/transport/citybus/route-stop/CTB/511/outbound "HTTP/1.1 200 OK"
18-Oct-23 19:07:01 | httpx - INFO - HTTP Request: GET https://rt.data.gov.hk/v2/transport/citybus/route-stop/CTB/95/outbound "HTTP/1.1 200 OK"
18-Oct-23 19:07:01 | httpx - INFO - HTTP Request: GET https://rt.data.gov.hk/v2/transport/citybus/route-stop/CTB/720A/inbound "HTTP/1.1 200 OK"
18-Oct-23 19:07:01 | httpx - INFO - HTTP Request: GET https://rt.data.gov.hk/v2/transport/citybus/route-stop/CTB/47P/inbound "HTTP/1.1 200 OK"
18-Oct-23 19:07:01 | httpx - INFO - HTTP Request: GET https://rt.data.gov.hk/v2/transport/citybus/route-stop/CTB/41A/outbound "HTTP/1.1 200 OK"
18-Oct-23 19:07:01 | httpx - INFO - HTTP Request: GET https://rt.data.gov.hk/v2/transport/citybus/route-stop/CTB/40P/outbound "HTTP/1.1 200 OK"
18-Oct-23 19:07:01 | httpx - INFO - HTTP Request: GET https://rt.data.gov.hk/v2/transport/citybus/route-stop/CTB/X1/outbound "HTTP/1.1 200 OK"
18-Oct-23 19:07:01 | httpx - INFO - HTTP Request: GET https://rt.data.gov.hk/v2/transport/citybus/route-stop/CTB/780/outbound "HTTP/1.1 200 OK"
18-Oct-23 19:07:01 | httpx - INFO - HTTP Request: GET https://rt.data.gov.hk/v2/transport/citybus/route-stop/CTB/S56/inbound "HTTP/1.1 200 OK"
18-Oct-23 19:07:01 | httpx - INFO - HTTP Request: GET https://rt.data.gov.hk/v2/transport/citybus/route-stop/CTB/41A/inbound "HTTP/1.1 200 OK"
18-Oct-23 19:07:01 | httpx - INFO - HTTP Request: GET https://rt.data.gov.hk/v2/transport/citybus/route-stop/CTB/N171/inbound "HTTP/1.1 200 OK"
18-Oct-23 19:07:01 | httpx - INFO - HTTP Request: GET https://rt.data.gov.hk/v2/transport/citybus/route-stop/CTB/621/outbound "HTTP/1.1 200 OK"
18-Oct-23 19:07:01 | httpx - INFO - HTTP Request: GET https://rt.data.gov.hk/v2/transport/citybus/route-stop/CTB/307P/outbound "HTTP/1.1 200 OK"
18-Oct-23 19:07:01 | httpx - INFO - HTTP Request: GET https://rt.data.gov.hk/v2/transport/citybus/route-stop/CTB/641/inbound "HTTP/1.1 200 OK"
18-Oct-23 19:07:01 | httpx - INFO - HTTP Request: GET https://rt.data.gov.hk/v2/transport/citybus/route-stop/CTB/72/inbound "HTTP/1.1 200 OK"
18-Oct-23 19:07:01 | httpx - INFO - HTTP Request: GET https://rt.data.gov.hk/v2/transport/citybus/route-stop/CTB/795X/inbound "HTTP/1.1 200 OK"
18-Oct-23 19:07:01 | httpx - INFO - HTTP Request: GET https://rt.data.gov.hk/v2/transport/citybus/route-stop/CTB/42C/outbound "HTTP/1.1 200 OK"
18-Oct-23 19:07:01 | httpx - INFO - HTTP Request: GET https://rt.data.gov.hk/v2/transport/citybus/route-stop/CTB/81A/inbound "HTTP/1.1 200 OK"
18-Oct-23 19:07:01 | httpx - INFO - HTTP Request: GET https://rt.data.gov.hk/v2/transport/citybus/route-stop/CTB/681/outbound "HTTP/1.1 200 OK"
18-Oct-23 19:07:01 | httpx - INFO - HTTP Request: GET https://rt.data.gov.hk/v2/transport/citybus/route-stop/CTB/930B/outbound "HTTP/1.1 200 OK"
18-Oct-23 19:07:01 | httpx - INFO - HTTP Request: GET https://rt.data.gov.hk/v2/transport/citybus/route-stop/CTB/619/inbound "HTTP/1.1 200 OK"
18-Oct-23 19:07:01 | httpx - INFO - HTTP Request: GET https://rt.data.gov.hk/v2/transport/citybus/route-stop/CTB/95P/inbound "HTTP/1.1 200 OK"
18-Oct-23 19:07:01 | httpx - INFO - HTTP Request: GET https://rt.data.gov.hk/v2/transport/citybus/route-stop/CTB/50R/inbound "HTTP/1.1 200 OK"
18-Oct-23 19:07:01 | httpx - INFO - HTTP Request: GET https://rt.data.gov.hk/v2/transport/citybus/route-stop/CTB/78/outbound "HTTP/1.1 200 OK"
18-Oct-23 19:07:01 | httpx - INFO - HTTP Request: GET https://rt.data.gov.hk/v2/transport/citybus/route-stop/CTB/71/inbound "HTTP/1.1 200 OK"
18-Oct-23 19:07:01 | httpx - INFO - HTTP Request: GET https://rt.data.gov.hk/v2/transport/citybus/route-stop/CTB/33X/outbound "HTTP/1.1 200 OK"
18-Oct-23 19:07:01 | httpx - INFO - HTTP Request: GET https://rt.data.gov.hk/v2/transport/citybus/route-stop/CTB/976/inbound "HTTP/1.1 200 OK"
18-Oct-23 19:07:01 | httpx - INFO - HTTP Request: GET https://rt.data.gov.hk/v2/transport/citybus/route-stop/CTB/905/outbound "HTTP/1.1 200 OK"
18-Oct-23 19:07:01 | httpx - INFO - HTTP Request: GET https://rt.data.gov.hk/v2/transport/citybus/route-stop/CTB/307P/inbound "HTTP/1.1 200 OK"
18-Oct-23 19:07:01 | httpx - INFO - HTTP Request: GET https://rt.data.gov.hk/v2/transport/citybus/route-stop/CTB/680B/inbound "HTTP/1.1 200 OK"
18-Oct-23 19:07:01 | httpx - INFO - HTTP Request: GET https://rt.data.gov.hk/v2/transport/citybus/route-stop/CTB/680P/inbound "HTTP/1.1 200 OK"
18-Oct-23 19:07:01 | httpx - INFO - HTTP Request: GET https://rt.data.gov.hk/v2/transport/citybus/route-stop/CTB/N307/inbound "HTTP/1.1 200 OK"
18-Oct-23 19:07:01 | httpx - INFO - HTTP Request: GET https://rt.data.gov.hk/v2/transport/citybus/route-stop/CTB/690P/inbound "HTTP/1.1 200 OK"
18-Oct-23 19:07:01 | httpx - INFO - HTTP Request: GET https://rt.data.gov.hk/v2/transport/citybus/route-stop/CTB/389/outbound "HTTP/1.1 200 OK"
18-Oct-23 19:07:01 | httpx - INFO - HTTP Request: GET https://rt.data.gov.hk/v2/transport/citybus/route-stop/CTB/388/outbound "HTTP/1.1 200 OK"
18-Oct-23 19:07:01 | httpx - INFO - HTTP Request: GET https://rt.data.gov.hk/v2/transport/citybus/route-stop/CTB/796P/inbound "HTTP/1.1 200 OK"
18-Oct-23 19:07:01 | httpx - INFO - HTTP Request: GET https://rt.data.gov.hk/v2/transport/citybus/route-stop/CTB/9C/inbound "HTTP/1.1 200 OK"
18-Oct-23 19:07:01 | httpx - INFO - HTTP Request: GET https://rt.data.gov.hk/v2/transport/citybus/route-stop/CTB/X1/inbound "HTTP/1.1 200 OK"
18-Oct-23 19:07:01 | httpx - INFO - HTTP Request: GET https://rt.data.gov.hk/v2/transport/citybus/route-stop/CTB/681P/outbound "HTTP/1.1 200 OK"
18-Oct-23 19:07:01 | httpx - INFO - HTTP Request: GET https://rt.data.gov.hk/v2/transport/citybus/route-stop/CTB/680B/outbound "HTTP/1.1 200 OK"
18-Oct-23 19:07:01 | httpx - INFO - HTTP Request: GET https://rt.data.gov.hk/v2/transport/citybus/route-stop/CTB/79P/outbound "HTTP/1.1 200 OK"
18-Oct-23 19:07:01 | httpx - INFO - HTTP Request: GET https://rt.data.gov.hk/v2/transport/citybus/route-stop/CTB/796P/outbound "HTTP/1.1 200 OK"
18-Oct-23 19:07:01 | httpx - INFO - HTTP Request: GET https://rt.data.gov.hk/v2/transport/citybus/route-stop/CTB/71/outbound "HTTP/1.1 200 OK"
18-Oct-23 19:07:01 | httpx - INFO - HTTP Request: GET https://rt.data.gov.hk/v2/transport/citybus/route-stop/CTB/66/outbound "HTTP/1.1 200 OK"
18-Oct-23 19:07:01 | httpx - INFO - HTTP Request: GET https://rt.data.gov.hk/v2/transport/citybus/route-stop/CTB/N182/outbound "HTTP/1.1 200 OK"
18-Oct-23 19:07:01 | httpx - INFO - HTTP Request: GET https://rt.data.gov.hk/v2/transport/citybus/route-stop/CTB/988/inbound "HTTP/1.1 200 OK"
18-Oct-23 19:07:01 | httpx - INFO - HTTP Request: GET https://rt.data.gov.hk/v2/transport/citybus/route-stop/CTB/979/outbound "HTTP/1.1 200 OK"
18-Oct-23 19:07:01 | httpx - INFO - HTTP Request: GET https://rt.data.gov.hk/v2/transport/citybus/route-stop/CTB/37A/outbound "HTTP/1.1 200 OK"
18-Oct-23 19:07:01 | httpx - INFO - HTTP Request: GET https://rt.data.gov.hk/v2/transport/citybus/route-stop/CTB/93C/outbound "HTTP/1.1 200 OK"
18-Oct-23 19:07:01 | httpx - INFO - HTTP Request: GET https://rt.data.gov.hk/v2/transport/citybus/route-stop/CTB/347/inbound "HTTP/1.1 200 OK"
18-Oct-23 19:07:01 | httpx - INFO - HTTP Request: GET https://rt.data.gov.hk/v2/transport/citybus/route-stop/CTB/962A/outbound "HTTP/1.1 200 OK"
18-Oct-23 19:07:01 | httpx - INFO - HTTP Request: GET https://rt.data.gov.hk/v2/transport/citybus/route-stop/CTB/43M/outbound "HTTP/1.1 200 OK"
18-Oct-23 19:07:01 | httpx - INFO - HTTP Request: GET https://rt.data.gov.hk/v2/transport/citybus/route-stop/CTB/81/outbound "HTTP/1.1 200 OK"
18-Oct-23 19:07:01 | httpx - INFO - HTTP Request: GET https://rt.data.gov.hk/v2/transport/citybus/route-stop/CTB/976A/outbound "HTTP/1.1 200 OK"
18-Oct-23 19:07:01 | httpx - INFO - HTTP Request: GET https://rt.data.gov.hk/v2/transport/citybus/route-stop/CTB/720/outbound "HTTP/1.1 200 OK"
18-Oct-23 19:07:01 | httpx - INFO - HTTP Request: GET https://rt.data.gov.hk/v2/transport/citybus/route-stop/CTB/S1/inbound "HTTP/1.1 200 OK"
18-Oct-23 19:07:01 | httpx - INFO - HTTP Request: GET https://rt.data.gov.hk/v2/transport/citybus/route-stop/CTB/50R/outbound "HTTP/1.1 200 OK"
18-Oct-23 19:07:01 | httpx - INFO - HTTP Request: GET https://rt.data.gov.hk/v2/transport/citybus/route-stop/CTB/720A/outbound "HTTP/1.1 200 OK"
18-Oct-23 19:07:01 | httpx - INFO - HTTP Request: GET https://rt.data.gov.hk/v2/transport/citybus/route-stop/CTB/85/outbound "HTTP/1.1 200 OK"
18-Oct-23 19:07:01 | httpx - INFO - HTTP Request: GET https://rt.data.gov.hk/v2/transport/citybus/route-stop/CTB/48/inbound "HTTP/1.1 200 OK"
18-Oct-23 19:07:01 | httpx - INFO - HTTP Request: GET https://rt.data.gov.hk/v2/transport/citybus/route-stop/CTB/82/outbound "HTTP/1.1 200 OK"
18-Oct-23 19:07:01 | httpx - INFO - HTTP Request: GET https://rt.data.gov.hk/v2/transport/citybus/route-stop/CTB/982C/inbound "HTTP/1.1 200 OK"
18-Oct-23 19:07:01 | httpx - INFO - HTTP Request: GET https://rt.data.gov.hk/v2/transport/citybus/route-stop/CTB/680X/outbound "HTTP/1.1 200 OK"
18-Oct-23 19:07:01 | httpx - INFO - HTTP Request: GET https://rt.data.gov.hk/v2/transport/citybus/route-stop/CTB/930B/inbound "HTTP/1.1 200 OK"
18-Oct-23 19:07:01 | httpx - INFO - HTTP Request: GET https://rt.data.gov.hk/v2/transport/citybus/route-stop/CTB/962A/inbound "HTTP/1.1 200 OK"
18-Oct-23 19:07:01 | httpx - INFO - HTTP Request: GET https://rt.data.gov.hk/v2/transport/citybus/route-stop/CTB/720/inbound "HTTP/1.1 200 OK"
18-Oct-23 19:07:01 | httpx - INFO - HTTP Request: GET https://rt.data.gov.hk/v2/transport/citybus/route-stop/CTB/B7/outbound "HTTP/1.1 200 OK"
18-Oct-23 19:07:01 | httpx - INFO - HTTP Request: GET https://rt.data.gov.hk/v2/transport/citybus/route-stop/CTB/A29/outbound "HTTP/1.1 200 OK"
18-Oct-23 19:07:01 | httpx - INFO - HTTP Request: GET https://rt.data.gov.hk/v2/transport/citybus/route-stop/CTB/71P/outbound "HTTP/1.1 200 OK"
18-Oct-23 19:07:01 | httpx - INFO - HTTP Request: GET https://rt.data.gov.hk/v2/transport/citybus/route-stop/CTB/595/outbound "HTTP/1.1 200 OK"
18-Oct-23 19:07:01 | httpx - INFO - HTTP Request: GET https://rt.data.gov.hk/v2/transport/citybus/route-stop/CTB/66/inbound "HTTP/1.1 200 OK"
18-Oct-23 19:07:01 | httpx - INFO - HTTP Request: GET https://rt.data.gov.hk/v2/transport/citybus/route-stop/CTB/42/inbound "HTTP/1.1 200 OK"
18-Oct-23 19:07:02 | httpx - INFO - HTTP Request: GET https://rt.data.gov.hk/v2/transport/citybus/route-stop/CTB/N21A/outbound "HTTP/1.1 200 OK"
18-Oct-23 19:07:02 | httpx - INFO - HTTP Request: GET https://rt.data.gov.hk/v2/transport/citybus/route-stop/CTB/42/outbound "HTTP/1.1 200 OK"
18-Oct-23 19:07:02 | httpx - INFO - HTTP Request: GET https://rt.data.gov.hk/v2/transport/citybus/route-stop/CTB/47P/outbound "HTTP/1.1 200 OK"
18-Oct-23 19:07:02 | httpx - INFO - HTTP Request: GET https://rt.data.gov.hk/v2/transport/citybus/route-stop/CTB/347/outbound "HTTP/1.1 200 OK"
18-Oct-23 19:07:02 | httpx - INFO - HTTP Request: GET https://rt.data.gov.hk/v2/transport/citybus/route-stop/CTB/680/inbound "HTTP/1.1 200 OK"
18-Oct-23 19:07:02 | httpx - INFO - HTTP Request: GET https://rt.data.gov.hk/v2/transport/citybus/route-stop/CTB/42C/inbound "HTTP/1.1 200 OK"
18-Oct-23 19:07:02 | httpx - INFO - HTTP Request: GET https://rt.data.gov.hk/v2/transport/citybus/route-stop/CTB/48/outbound "HTTP/1.1 200 OK"
18-Oct-23 19:07:02 | httpx - INFO - HTTP Request: GET https://rt.data.gov.hk/v2/transport/citybus/route-stop/CTB/985B/inbound "HTTP/1.1 200 OK"
18-Oct-23 19:07:02 | httpx - INFO - HTTP Request: GET https://rt.data.gov.hk/v2/transport/citybus/route-stop/CTB/680/outbound "HTTP/1.1 200 OK"
18-Oct-23 19:07:02 | httpx - INFO - HTTP Request: GET https://rt.data.gov.hk/v2/transport/citybus/route-stop/CTB/B8/outbound "HTTP/1.1 200 OK"
18-Oct-23 19:07:02 | httpx - INFO - HTTP Request: GET https://rt.data.gov.hk/v2/transport/citybus/route-stop/CTB/R8/inbound "HTTP/1.1 200 OK"
18-Oct-23 19:07:02 | httpx - INFO - HTTP Request: GET https://rt.data.gov.hk/v2/transport/citybus/route-stop/CTB/38/outbound "HTTP/1.1 200 OK"
18-Oct-23 19:07:02 | httpx - INFO - HTTP Request: GET https://rt.data.gov.hk/v2/transport/citybus/route-stop/CTB/962C/outbound "HTTP/1.1 200 OK"
18-Oct-23 19:07:02 | httpx - INFO - HTTP Request: GET https://rt.data.gov.hk/v2/transport/citybus/route-stop/CTB/E22A/inbound "HTTP/1.1 200 OK"
18-Oct-23 19:07:02 | httpx - INFO - HTTP Request: GET https://rt.data.gov.hk/v2/transport/citybus/route-stop/CTB/A29/inbound "HTTP/1.1 200 OK"
18-Oct-23 19:07:02 | httpx - INFO - HTTP Request: GET https://rt.data.gov.hk/v2/transport/citybus/route-stop/CTB/B5/outbound "HTTP/1.1 200 OK"
18-Oct-23 19:07:02 | httpx - INFO - HTTP Request: GET https://rt.data.gov.hk/v2/transport/citybus/route-stop/CTB/A11/outbound "HTTP/1.1 200 OK"
18-Oct-23 19:07:02 | httpx - INFO - HTTP Request: GET https://rt.data.gov.hk/v2/transport/citybus/route-stop/CTB/969N/inbound "HTTP/1.1 200 OK"
18-Oct-23 19:07:02 | httpx - INFO - HTTP Request: GET https://rt.data.gov.hk/v2/transport/citybus/route-stop/CTB/56/inbound "HTTP/1.1 200 OK"
18-Oct-23 19:07:02 | httpx - INFO - HTTP Request: GET https://rt.data.gov.hk/v2/transport/citybus/route-stop/CTB/B5/inbound "HTTP/1.1 200 OK"
18-Oct-23 19:07:02 | httpx - INFO - HTTP Request: GET https://rt.data.gov.hk/v2/transport/citybus/route-stop/CTB/4X/inbound "HTTP/1.1 200 OK"
18-Oct-23 19:07:02 | httpx - INFO - HTTP Request: GET https://rt.data.gov.hk/v2/transport/citybus/route-stop/CTB/A11/inbound "HTTP/1.1 200 OK"
18-Oct-23 19:07:02 | httpx - INFO - HTTP Request: GET https://rt.data.gov.hk/v2/transport/citybus/route-stop/CTB/592/inbound "HTTP/1.1 200 OK"
18-Oct-23 19:07:02 | httpx - INFO - HTTP Request: GET https://rt.data.gov.hk/v2/transport/citybus/route-stop/CTB/930A/inbound "HTTP/1.1 200 OK"
18-Oct-23 19:07:02 | httpx - INFO - HTTP Request: GET https://rt.data.gov.hk/v2/transport/citybus/route-stop/CTB/948/outbound "HTTP/1.1 200 OK"
18-Oct-23 19:07:02 | httpx - INFO - HTTP Request: GET https://rt.data.gov.hk/v2/transport/citybus/route-stop/CTB/85/inbound "HTTP/1.1 200 OK"
18-Oct-23 19:07:02 | httpx - INFO - HTTP Request: GET https://rt.data.gov.hk/v2/transport/citybus/route-stop/CTB/5X/outbound "HTTP/1.1 200 OK"
18-Oct-23 19:07:02 | httpx - INFO - HTTP Request: GET https://rt.data.gov.hk/v2/transport/citybus/route-stop/CTB/982X/inbound "HTTP/1.1 200 OK"
18-Oct-23 19:07:02 | httpx - INFO - HTTP Request: GET https://rt.data.gov.hk/v2/transport/citybus/route-stop/CTB/S52/outbound "HTTP/1.1 200 OK"
18-Oct-23 19:07:02 | httpx - INFO - HTTP Request: GET https://rt.data.gov.hk/v2/transport/citybus/route-stop/CTB/680P/outbound "HTTP/1.1 200 OK"
18-Oct-23 19:07:02 | httpx - INFO - HTTP Request: GET https://rt.data.gov.hk/v2/transport/citybus/route-stop/CTB/A10/outbound "HTTP/1.1 200 OK"
18-Oct-23 19:07:02 | httpx - INFO - HTTP Request: GET https://rt.data.gov.hk/v2/transport/citybus/route-stop/CTB/976A/inbound "HTTP/1.1 200 OK"
18-Oct-23 19:07:02 | httpx - INFO - HTTP Request: GET https://rt.data.gov.hk/v2/transport/citybus/route-stop/CTB/43M/inbound "HTTP/1.1 200 OK"
18-Oct-23 19:07:02 | httpx - INFO - HTTP Request: GET https://rt.data.gov.hk/v2/transport/citybus/route-stop/CTB/682P/inbound "HTTP/1.1 200 OK"
18-Oct-23 19:07:02 | httpx - INFO - HTTP Request: GET https://rt.data.gov.hk/v2/transport/citybus/route-stop/CTB/962G/inbound "HTTP/1.1 200 OK"
18-Oct-23 19:07:02 | httpx - INFO - HTTP Request: GET https://rt.data.gov.hk/v2/transport/citybus/route-stop/CTB/70P/inbound "HTTP/1.1 200 OK"
18-Oct-23 19:07:02 | httpx - INFO - HTTP Request: GET https://rt.data.gov.hk/v2/transport/citybus/route-stop/CTB/982C/outbound "HTTP/1.1 200 OK"
18-Oct-23 19:07:02 | httpx - INFO - HTTP Request: GET https://rt.data.gov.hk/v2/transport/citybus/route-stop/CTB/50/outbound "HTTP/1.1 200 OK"
18-Oct-23 19:07:02 | httpx - INFO - HTTP Request: GET https://rt.data.gov.hk/v2/transport/citybus/route-stop/CTB/NA21/inbound "HTTP/1.1 200 OK"
18-Oct-23 19:07:02 | httpx - INFO - HTTP Request: GET https://rt.data.gov.hk/v2/transport/citybus/route-stop/CTB/S1/outbound "HTTP/1.1 200 OK"
18-Oct-23 19:07:02 | httpx - INFO - HTTP Request: GET https://rt.data.gov.hk/v2/transport/citybus/route-stop/CTB/5X/inbound "HTTP/1.1 200 OK"
18-Oct-23 19:07:02 | httpx - INFO - HTTP Request: GET https://rt.data.gov.hk/v2/transport/citybus/route-stop/CTB/63/outbound "HTTP/1.1 200 OK"
18-Oct-23 19:07:02 | httpx - INFO - HTTP Request: GET https://rt.data.gov.hk/v2/transport/citybus/route-stop/CTB/E22P/outbound "HTTP/1.1 200 OK"
18-Oct-23 19:07:02 | httpx - INFO - HTTP Request: GET https://rt.data.gov.hk/v2/transport/citybus/route-stop/CTB/985A/inbound "HTTP/1.1 200 OK"
18-Oct-23 19:07:02 | httpx - INFO - HTTP Request: GET https://rt.data.gov.hk/v2/transport/citybus/route-stop/CTB/E11/outbound "HTTP/1.1 200 OK"
18-Oct-23 19:07:02 | httpx - INFO - HTTP Request: GET https://rt.data.gov.hk/v2/transport/citybus/route-stop/CTB/4/inbound "HTTP/1.1 200 OK"
18-Oct-23 19:07:02 | httpx - INFO - HTTP Request: GET https://rt.data.gov.hk/v2/transport/citybus/route-stop/CTB/595/inbound "HTTP/1.1 200 OK"
18-Oct-23 19:07:02 | httpx - INFO - HTTP Request: GET https://rt.data.gov.hk/v2/transport/citybus/route-stop/CTB/E11S/outbound "HTTP/1.1 200 OK"
18-Oct-23 19:07:02 | httpx - INFO - HTTP Request: GET https://rt.data.gov.hk/v2/transport/citybus/route-stop/CTB/680X/inbound "HTTP/1.1 200 OK"
18-Oct-23 19:07:02 | httpx - INFO - HTTP Request: GET https://rt.data.gov.hk/v2/transport/citybus/route-stop/CTB/608P/outbound "HTTP/1.1 200 OK"
18-Oct-23 19:07:02 | httpx - INFO - HTTP Request: GET https://rt.data.gov.hk/v2/transport/citybus/route-stop/CTB/678/inbound "HTTP/1.1 200 OK"
18-Oct-23 19:07:02 | httpx - INFO - HTTP Request: GET https://rt.data.gov.hk/v2/transport/citybus/route-stop/CTB/X797/inbound "HTTP/1.1 200 OK"
18-Oct-23 19:07:02 | httpx - INFO - HTTP Request: GET https://rt.data.gov.hk/v2/transport/citybus/route-stop/CTB/682C/outbound "HTTP/1.1 200 OK"
18-Oct-23 19:07:02 | httpx - INFO - HTTP Request: GET https://rt.data.gov.hk/v2/transport/citybus/route-stop/CTB/930X/outbound "HTTP/1.1 200 OK"
18-Oct-23 19:07:02 | httpx - INFO - HTTP Request: GET https://rt.data.gov.hk/v2/transport/citybus/route-stop/CTB/930A/outbound "HTTP/1.1 200 OK"
18-Oct-23 19:07:02 | httpx - INFO - HTTP Request: GET https://rt.data.gov.hk/v2/transport/citybus/route-stop/CTB/948P/inbound "HTTP/1.1 200 OK"
18-Oct-23 19:07:02 | httpx - INFO - HTTP Request: GET https://rt.data.gov.hk/v2/transport/citybus/route-stop/CTB/S52P/outbound "HTTP/1.1 200 OK"
18-Oct-23 19:07:02 | httpx - INFO - HTTP Request: GET https://rt.data.gov.hk/v2/transport/citybus/route-stop/CTB/980X/inbound "HTTP/1.1 200 OK"
18-Oct-23 19:07:02 | httpx - INFO - HTTP Request: GET https://rt.data.gov.hk/v2/transport/citybus/route-stop/CTB/72/outbound "HTTP/1.1 200 OK"
18-Oct-23 19:07:02 | httpx - INFO - HTTP Request: GET https://rt.data.gov.hk/v2/transport/citybus/route-stop/CTB/70P/outbound "HTTP/1.1 200 OK"
18-Oct-23 19:07:02 | httpx - INFO - HTTP Request: GET https://rt.data.gov.hk/v2/transport/citybus/route-stop/CTB/694/outbound "HTTP/1.1 200 OK"
18-Oct-23 19:07:02 | httpx - INFO - HTTP Request: GET https://rt.data.gov.hk/v2/transport/citybus/route-stop/CTB/X8/outbound "HTTP/1.1 200 OK"
18-Oct-23 19:07:02 | httpx - INFO - HTTP Request: GET https://rt.data.gov.hk/v2/transport/citybus/route-stop/CTB/E22C/inbound "HTTP/1.1 200 OK"
18-Oct-23 19:07:02 | httpx - INFO - HTTP Request: GET https://rt.data.gov.hk/v2/transport/citybus/route-stop/CTB/933/outbound "HTTP/1.1 200 OK"
18-Oct-23 19:07:02 | httpx - INFO - HTTP Request: GET https://rt.data.gov.hk/v2/transport/citybus/route-stop/CTB/N121/outbound "HTTP/1.1 200 OK"
18-Oct-23 19:07:02 | httpx - INFO - HTTP Request: GET https://rt.data.gov.hk/v2/transport/citybus/route-stop/CTB/679/outbound "HTTP/1.1 200 OK"
18-Oct-23 19:07:02 | httpx - INFO - HTTP Request: GET https://rt.data.gov.hk/v2/transport/citybus/route-stop/CTB/694S/outbound "HTTP/1.1 200 OK"
18-Oct-23 19:07:02 | httpx - INFO - HTTP Request: GET https://rt.data.gov.hk/v2/transport/citybus/route-stop/CTB/914P/inbound "HTTP/1.1 200 OK"
18-Oct-23 19:07:02 | httpx - INFO - HTTP Request: GET https://rt.data.gov.hk/v2/transport/citybus/route-stop/CTB/682C/inbound "HTTP/1.1 200 OK"
18-Oct-23 19:07:02 | httpx - INFO - HTTP Request: GET https://rt.data.gov.hk/v2/transport/citybus/route-stop/CTB/933/inbound "HTTP/1.1 200 OK"
18-Oct-23 19:07:02 | httpx - INFO - HTTP Request: GET https://rt.data.gov.hk/v2/transport/citybus/route-stop/CTB/962/inbound "HTTP/1.1 200 OK"
18-Oct-23 19:07:02 | httpx - INFO - HTTP Request: GET https://rt.data.gov.hk/v2/transport/citybus/route-stop/CTB/X9/inbound "HTTP/1.1 200 OK"
18-Oct-23 19:07:02 | httpx - INFO - HTTP Request: GET https://rt.data.gov.hk/v2/transport/citybus/route-stop/CTB/690P/outbound "HTTP/1.1 200 OK"
18-Oct-23 19:07:02 | httpx - INFO - HTTP Request: GET https://rt.data.gov.hk/v2/transport/citybus/route-stop/CTB/E21X/inbound "HTTP/1.1 200 OK"
18-Oct-23 19:07:02 | httpx - INFO - HTTP Request: GET https://rt.data.gov.hk/v2/transport/citybus/route-stop/CTB/679/inbound "HTTP/1.1 200 OK"
18-Oct-23 19:07:02 | httpx - INFO - HTTP Request: GET https://rt.data.gov.hk/v2/transport/citybus/route-stop/CTB/A12/outbound "HTTP/1.1 200 OK"
18-Oct-23 19:07:02 | httpx - INFO - HTTP Request: GET https://rt.data.gov.hk/v2/transport/citybus/route-stop/CTB/930/inbound "HTTP/1.1 200 OK"
18-Oct-23 19:07:02 | httpx - INFO - HTTP Request: GET https://rt.data.gov.hk/v2/transport/citybus/route-stop/CTB/5B/outbound "HTTP/1.1 200 OK"
18-Oct-23 19:07:02 | httpx - INFO - HTTP Request: GET https://rt.data.gov.hk/v2/transport/citybus/route-stop/CTB/E22P/inbound "HTTP/1.1 200 OK"
18-Oct-23 19:07:02 | httpx - INFO - HTTP Request: GET https://rt.data.gov.hk/v2/transport/citybus/route-stop/CTB/914P/outbound "HTTP/1.1 200 OK"
18-Oct-23 19:07:02 | httpx - INFO - HTTP Request: GET https://rt.data.gov.hk/v2/transport/citybus/route-stop/CTB/985B/outbound "HTTP/1.1 200 OK"
18-Oct-23 19:07:02 | httpx - INFO - HTTP Request: GET https://rt.data.gov.hk/v2/transport/citybus/route-stop/CTB/E21D/inbound "HTTP/1.1 200 OK"
18-Oct-23 19:07:02 | httpx - INFO - HTTP Request: GET https://rt.data.gov.hk/v2/transport/citybus/route-stop/CTB/601P/outbound "HTTP/1.1 200 OK"
18-Oct-23 19:07:02 | httpx - INFO - HTTP Request: GET https://rt.data.gov.hk/v2/transport/citybus/route-stop/CTB/681P/inbound "HTTP/1.1 200 OK"
18-Oct-23 19:07:02 | httpx - INFO - HTTP Request: GET https://rt.data.gov.hk/v2/transport/citybus/route-stop/CTB/E21D/outbound "HTTP/1.1 200 OK"
18-Oct-23 19:07:02 | httpx - INFO - HTTP Request: GET https://rt.data.gov.hk/v2/transport/citybus/route-stop/CTB/5B/inbound "HTTP/1.1 200 OK"
18-Oct-23 19:07:02 | httpx - INFO - HTTP Request: GET https://rt.data.gov.hk/v2/transport/citybus/route-stop/CTB/690/outbound "HTTP/1.1 200 OK"
18-Oct-23 19:07:02 | httpx - INFO - HTTP Request: GET https://rt.data.gov.hk/v2/transport/citybus/route-stop/CTB/985/inbound "HTTP/1.1 200 OK"
18-Oct-23 19:07:02 | httpx - INFO - HTTP Request: GET https://rt.data.gov.hk/v2/transport/citybus/route-stop/CTB/948B/inbound "HTTP/1.1 200 OK"
18-Oct-23 19:07:02 | httpx - INFO - HTTP Request: GET https://rt.data.gov.hk/v2/transport/citybus/route-stop/CTB/98/inbound "HTTP/1.1 200 OK"
18-Oct-23 19:07:02 | httpx - INFO - HTTP Request: GET https://rt.data.gov.hk/v2/transport/citybus/route-stop/CTB/608P/inbound "HTTP/1.1 200 OK"
18-Oct-23 19:07:02 | httpx - INFO - HTTP Request: GET https://rt.data.gov.hk/v2/transport/citybus/route-stop/CTB/77A/inbound "HTTP/1.1 200 OK"
18-Oct-23 19:07:02 | httpx - INFO - HTTP Request: GET https://rt.data.gov.hk/v2/transport/citybus/route-stop/CTB/986/inbound "HTTP/1.1 200 OK"
18-Oct-23 19:07:02 | httpx - INFO - HTTP Request: GET https://rt.data.gov.hk/v2/transport/citybus/route-stop/CTB/78C/outbound "HTTP/1.1 200 OK"
18-Oct-23 19:07:02 | httpx - INFO - HTTP Request: GET https://rt.data.gov.hk/v2/transport/citybus/route-stop/CTB/B3M/inbound "HTTP/1.1 200 OK"
18-Oct-23 19:07:02 | httpx - INFO - HTTP Request: GET https://rt.data.gov.hk/v2/transport/citybus/route-stop/CTB/78X/inbound "HTTP/1.1 200 OK"
18-Oct-23 19:07:02 | httpx - INFO - HTTP Request: GET https://rt.data.gov.hk/v2/transport/citybus/route-stop/CTB/B3A/inbound "HTTP/1.1 200 OK"
18-Oct-23 19:07:02 | httpx - INFO - HTTP Request: GET https://rt.data.gov.hk/v2/transport/citybus/route-stop/CTB/98/outbound "HTTP/1.1 200 OK"
18-Oct-23 19:07:02 | httpx - INFO - HTTP Request: GET https://rt.data.gov.hk/v2/transport/citybus/route-stop/CTB/9C/outbound "HTTP/1.1 200 OK"
18-Oct-23 19:07:02 | httpx - INFO - HTTP Request: GET https://rt.data.gov.hk/v2/transport/citybus/route-stop/CTB/8H/inbound "HTTP/1.1 200 OK"
18-Oct-23 19:07:02 | httpx - INFO - HTTP Request: GET https://rt.data.gov.hk/v2/transport/citybus/route-stop/CTB/6/outbound "HTTP/1.1 200 OK"
18-Oct-23 19:07:02 | httpx - INFO - HTTP Request: GET https://rt.data.gov.hk/v2/transport/citybus/route-stop/CTB/790/inbound "HTTP/1.1 200 OK"
18-Oct-23 19:07:03 | httpx - INFO - HTTP Request: GET https://rt.data.gov.hk/v2/transport/citybus/route-stop/CTB/682A/outbound "HTTP/1.1 200 OK"
18-Oct-23 19:07:03 | httpx - INFO - HTTP Request: GET https://rt.data.gov.hk/v2/transport/citybus/route-stop/CTB/E21X/outbound "HTTP/1.1 200 OK"
18-Oct-23 19:07:03 | httpx - INFO - HTTP Request: GET https://rt.data.gov.hk/v2/transport/citybus/route-stop/CTB/90C/inbound "HTTP/1.1 200 OK"
18-Oct-23 19:07:03 | httpx - INFO - HTTP Request: GET https://rt.data.gov.hk/v2/transport/citybus/route-stop/CTB/914/outbound "HTTP/1.1 200 OK"
18-Oct-23 19:07:03 | httpx - INFO - HTTP Request: GET https://rt.data.gov.hk/v2/transport/citybus/route-stop/CTB/601/inbound "HTTP/1.1 200 OK"
18-Oct-23 19:07:03 | httpx - INFO - HTTP Request: GET https://rt.data.gov.hk/v2/transport/citybus/route-stop/CTB/A10/inbound "HTTP/1.1 200 OK"
18-Oct-23 19:07:03 | httpx - INFO - HTTP Request: GET https://rt.data.gov.hk/v2/transport/citybus/route-stop/CTB/B3M/outbound "HTTP/1.1 200 OK"
18-Oct-23 19:07:03 | httpx - INFO - HTTP Request: GET https://rt.data.gov.hk/v2/transport/citybus/route-stop/CTB/962P/inbound "HTTP/1.1 200 OK"
18-Oct-23 19:07:03 | httpx - INFO - HTTP Request: GET https://rt.data.gov.hk/v2/transport/citybus/route-stop/CTB/70/outbound "HTTP/1.1 200 OK"
18-Oct-23 19:07:03 | httpx - INFO - HTTP Request: GET https://rt.data.gov.hk/v2/transport/citybus/route-stop/CTB/61R/inbound "HTTP/1.1 200 OK"
18-Oct-23 19:07:03 | httpx - INFO - HTTP Request: GET https://rt.data.gov.hk/v2/transport/citybus/route-stop/CTB/682P/outbound "HTTP/1.1 200 OK"
18-Oct-23 19:07:03 | httpx - INFO - HTTP Request: GET https://rt.data.gov.hk/v2/transport/citybus/route-stop/CTB/606A/inbound "HTTP/1.1 200 OK"
18-Oct-23 19:07:03 | httpx - INFO - HTTP Request: GET https://rt.data.gov.hk/v2/transport/citybus/route-stop/CTB/988/outbound "HTTP/1.1 200 OK"
18-Oct-23 19:07:03 | httpx - INFO - HTTP Request: GET https://rt.data.gov.hk/v2/transport/citybus/route-stop/CTB/S52/inbound "HTTP/1.1 200 OK"
18-Oct-23 19:07:03 | httpx - INFO - HTTP Request: GET https://rt.data.gov.hk/v2/transport/citybus/route-stop/CTB/682B/inbound "HTTP/1.1 200 OK"
18-Oct-23 19:07:03 | httpx - INFO - HTTP Request: GET https://rt.data.gov.hk/v2/transport/citybus/route-stop/CTB/91/inbound "HTTP/1.1 200 OK"
18-Oct-23 19:07:03 | httpx - INFO - HTTP Request: GET https://rt.data.gov.hk/v2/transport/citybus/route-stop/CTB/601P/inbound "HTTP/1.1 200 OK"
18-Oct-23 19:07:03 | httpx - INFO - HTTP Request: GET https://rt.data.gov.hk/v2/transport/citybus/route-stop/CTB/6X/inbound "HTTP/1.1 200 OK"
18-Oct-23 19:07:03 | httpx - INFO - HTTP Request: GET https://rt.data.gov.hk/v2/transport/citybus/route-stop/CTB/6A/outbound "HTTP/1.1 200 OK"
18-Oct-23 19:07:03 | httpx - INFO - HTTP Request: GET https://rt.data.gov.hk/v2/transport/citybus/route-stop/CTB/6A/inbound "HTTP/1.1 200 OK"
18-Oct-23 19:07:03 | httpx - INFO - HTTP Request: GET https://rt.data.gov.hk/v2/transport/citybus/route-stop/CTB/619P/outbound "HTTP/1.1 200 OK"
18-Oct-23 19:07:03 | httpx - INFO - HTTP Request: GET https://rt.data.gov.hk/v2/transport/citybus/route-stop/CTB/78C/inbound "HTTP/1.1 200 OK"
18-Oct-23 19:07:03 | httpx - INFO - HTTP Request: GET https://rt.data.gov.hk/v2/transport/citybus/route-stop/CTB/601/outbound "HTTP/1.1 200 OK"
18-Oct-23 19:07:03 | httpx - INFO - HTTP Request: GET https://rt.data.gov.hk/v2/transport/citybus/route-stop/CTB/971/outbound "HTTP/1.1 200 OK"
18-Oct-23 19:07:03 | httpx - INFO - HTTP Request: GET https://rt.data.gov.hk/v2/transport/citybus/route-stop/CTB/682/outbound "HTTP/1.1 200 OK"
18-Oct-23 19:07:03 | httpx - INFO - HTTP Request: GET https://rt.data.gov.hk/v2/transport/citybus/route-stop/CTB/682/inbound "HTTP/1.1 200 OK"
18-Oct-23 19:07:03 | httpx - INFO - HTTP Request: GET https://rt.data.gov.hk/v2/transport/citybus/route-stop/CTB/606X/outbound "HTTP/1.1 200 OK"
18-Oct-23 19:07:03 | httpx - INFO - HTTP Request: GET https://rt.data.gov.hk/v2/transport/citybus/route-stop/CTB/77X/outbound "HTTP/1.1 200 OK"
18-Oct-23 19:07:03 | httpx - INFO - HTTP Request: GET https://rt.data.gov.hk/v2/transport/citybus/route-stop/CTB/R8/outbound "HTTP/1.1 200 OK"
18-Oct-23 19:07:03 | httpx - INFO - HTTP Request: GET https://rt.data.gov.hk/v2/transport/citybus/route-stop/CTB/H2/outbound "HTTP/1.1 200 OK"
18-Oct-23 19:07:03 | httpx - INFO - HTTP Request: GET https://rt.data.gov.hk/v2/transport/citybus/route-stop/CTB/948X/outbound "HTTP/1.1 200 OK"
18-Oct-23 19:07:03 | httpx - INFO - HTTP Request: GET https://rt.data.gov.hk/v2/transport/citybus/route-stop/CTB/962G/outbound "HTTP/1.1 200 OK"
18-Oct-23 19:07:03 | httpx - INFO - HTTP Request: GET https://rt.data.gov.hk/v2/transport/citybus/route-stop/CTB/952/inbound "HTTP/1.1 200 OK"
18-Oct-23 19:07:03 | httpx - INFO - HTTP Request: GET https://rt.data.gov.hk/v2/transport/citybus/route-stop/CTB/608/inbound "HTTP/1.1 200 OK"
18-Oct-23 19:07:03 | httpx - INFO - HTTP Request: GET https://rt.data.gov.hk/v2/transport/citybus/route-stop/CTB/N118/outbound "HTTP/1.1 200 OK"
18-Oct-23 19:07:03 | httpx - INFO - HTTP Request: GET https://rt.data.gov.hk/v2/transport/citybus/route-stop/CTB/720P/inbound "HTTP/1.1 200 OK"
18-Oct-23 19:07:03 | httpx - INFO - HTTP Request: GET https://rt.data.gov.hk/v2/transport/citybus/route-stop/CTB/788/outbound "HTTP/1.1 200 OK"
18-Oct-23 19:07:03 | httpx - INFO - HTTP Request: GET https://rt.data.gov.hk/v2/transport/citybus/route-stop/CTB/962X/inbound "HTTP/1.1 200 OK"
18-Oct-23 19:07:03 | httpx - INFO - HTTP Request: GET https://rt.data.gov.hk/v2/transport/citybus/route-stop/CTB/682B/outbound "HTTP/1.1 200 OK"
18-Oct-23 19:07:03 | httpx - INFO - HTTP Request: GET https://rt.data.gov.hk/v2/transport/citybus/route-stop/CTB/671X/outbound "HTTP/1.1 200 OK"
18-Oct-23 19:07:03 | httpx - INFO - HTTP Request: GET https://rt.data.gov.hk/v2/transport/citybus/route-stop/CTB/962X/outbound "HTTP/1.1 200 OK"
18-Oct-23 19:07:03 | httpx - INFO - HTTP Request: GET https://rt.data.gov.hk/v2/transport/citybus/route-stop/CTB/780/inbound "HTTP/1.1 200 OK"
18-Oct-23 19:07:03 | httpx - INFO - HTTP Request: GET https://rt.data.gov.hk/v2/transport/citybus/route-stop/CTB/952/outbound "HTTP/1.1 200 OK"
18-Oct-23 19:07:03 | httpx - INFO - HTTP Request: GET https://rt.data.gov.hk/v2/transport/citybus/route-stop/CTB/N930/outbound "HTTP/1.1 200 OK"
18-Oct-23 19:07:03 | httpx - INFO - HTTP Request: GET https://rt.data.gov.hk/v2/transport/citybus/route-stop/CTB/914/inbound "HTTP/1.1 200 OK"
18-Oct-23 19:07:03 | httpx - INFO - HTTP Request: GET https://rt.data.gov.hk/v2/transport/citybus/route-stop/CTB/X962/inbound "HTTP/1.1 200 OK"
18-Oct-23 19:07:03 | httpx - INFO - HTTP Request: GET https://rt.data.gov.hk/v2/transport/citybus/route-stop/CTB/798B/outbound "HTTP/1.1 200 OK"
18-Oct-23 19:07:03 | httpx - INFO - HTTP Request: GET https://rt.data.gov.hk/v2/transport/citybus/route-stop/CTB/702B/inbound "HTTP/1.1 200 OK"
18-Oct-23 19:07:03 | httpx - INFO - HTTP Request: GET https://rt.data.gov.hk/v2/transport/citybus/route-stop/CTB/X9/outbound "HTTP/1.1 200 OK"
18-Oct-23 19:07:03 | httpx - INFO - HTTP Request: GET https://rt.data.gov.hk/v2/transport/citybus/route-stop/CTB/701/outbound "HTTP/1.1 200 OK"
18-Oct-23 19:07:03 | httpx - INFO - HTTP Request: GET https://rt.data.gov.hk/v2/transport/citybus/route-stop/CTB/6/inbound "HTTP/1.1 200 OK"
18-Oct-23 19:07:03 | httpx - INFO - HTTP Request: GET https://rt.data.gov.hk/v2/transport/citybus/route-stop/CTB/X797/outbound "HTTP/1.1 200 OK"
18-Oct-23 19:07:03 | httpx - INFO - HTTP Request: GET https://rt.data.gov.hk/v2/transport/citybus/route-stop/CTB/A17/outbound "HTTP/1.1 200 OK"
18-Oct-23 19:07:03 | httpx - INFO - HTTP Request: GET https://rt.data.gov.hk/v2/transport/citybus/route-stop/CTB/682A/inbound "HTTP/1.1 200 OK"
18-Oct-23 19:07:03 | httpx - INFO - HTTP Request: GET https://rt.data.gov.hk/v2/transport/citybus/route-stop/CTB/702S/outbound "HTTP/1.1 200 OK"
18-Oct-23 19:07:03 | httpx - INFO - HTTP Request: GET https://rt.data.gov.hk/v2/transport/citybus/route-stop/CTB/B3A/outbound "HTTP/1.1 200 OK"
18-Oct-23 19:07:03 | httpx - INFO - HTTP Request: GET https://rt.data.gov.hk/v2/transport/citybus/route-stop/CTB/701/inbound "HTTP/1.1 200 OK"
18-Oct-23 19:07:03 | httpx - INFO - HTTP Request: GET https://rt.data.gov.hk/v2/transport/citybus/route-stop/CTB/720X/outbound "HTTP/1.1 200 OK"
18-Oct-23 19:07:03 | httpx - INFO - HTTP Request: GET https://rt.data.gov.hk/v2/transport/citybus/route-stop/CTB/606/outbound "HTTP/1.1 200 OK"
18-Oct-23 19:07:03 | httpx - INFO - HTTP Request: GET https://rt.data.gov.hk/v2/transport/citybus/route-stop/CTB/798B/inbound "HTTP/1.1 200 OK"
18-Oct-23 19:07:03 | httpx - INFO - HTTP Request: GET https://rt.data.gov.hk/v2/transport/citybus/route-stop/CTB/7/inbound "HTTP/1.1 200 OK"
18-Oct-23 19:07:03 | httpx - INFO - HTTP Request: GET https://rt.data.gov.hk/v2/transport/citybus/route-stop/CTB/976/outbound "HTTP/1.1 200 OK"
18-Oct-23 19:07:03 | httpx - INFO - HTTP Request: GET https://rt.data.gov.hk/v2/transport/citybus/route-stop/CTB/701A/inbound "HTTP/1.1 200 OK"
18-Oct-23 19:07:03 | httpx - INFO - HTTP Request: GET https://rt.data.gov.hk/v2/transport/citybus/route-stop/CTB/E22C/outbound "HTTP/1.1 200 OK"
18-Oct-23 19:07:03 | httpx - INFO - HTTP Request: GET https://rt.data.gov.hk/v2/transport/citybus/route-stop/CTB/671/inbound "HTTP/1.1 200 OK"
18-Oct-23 19:07:03 | httpx - INFO - HTTP Request: GET https://rt.data.gov.hk/v2/transport/citybus/route-stop/CTB/93A/inbound "HTTP/1.1 200 OK"
18-Oct-23 19:07:03 | httpx - INFO - HTTP Request: GET https://rt.data.gov.hk/v2/transport/citybus/route-stop/CTB/690/inbound "HTTP/1.1 200 OK"
18-Oct-23 19:07:03 | httpx - INFO - HTTP Request: GET https://rt.data.gov.hk/v2/transport/citybus/route-stop/CTB/7/outbound "HTTP/1.1 200 OK"
18-Oct-23 19:07:03 | httpx - INFO - HTTP Request: GET https://rt.data.gov.hk/v2/transport/citybus/route-stop/CTB/780P/outbound "HTTP/1.1 200 OK"
18-Oct-23 19:07:03 | httpx - INFO - HTTP Request: GET https://rt.data.gov.hk/v2/transport/citybus/route-stop/CTB/E21C/inbound "HTTP/1.1 200 OK"
18-Oct-23 19:07:03 | httpx - INFO - HTTP Request: GET https://rt.data.gov.hk/v2/transport/citybus/route-stop/CTB/798P/inbound "HTTP/1.1 200 OK"
18-Oct-23 19:07:03 | httpx - INFO - HTTP Request: GET https://rt.data.gov.hk/v2/transport/citybus/route-stop/CTB/A17/inbound "HTTP/1.1 200 OK"
18-Oct-23 19:07:03 | httpx - INFO - HTTP Request: GET https://rt.data.gov.hk/v2/transport/citybus/route-stop/CTB/N11/inbound "HTTP/1.1 200 OK"
18-Oct-23 19:07:03 | httpx - INFO - HTTP Request: GET https://rt.data.gov.hk/v2/transport/citybus/route-stop/CTB/E22/inbound "HTTP/1.1 200 OK"
18-Oct-23 19:07:03 | httpx - INFO - HTTP Request: GET https://rt.data.gov.hk/v2/transport/citybus/route-stop/CTB/948E/inbound "HTTP/1.1 200 OK"
18-Oct-23 19:07:03 | httpx - INFO - HTTP Request: GET https://rt.data.gov.hk/v2/transport/citybus/route-stop/CTB/986/outbound "HTTP/1.1 200 OK"
18-Oct-23 19:07:03 | httpx - INFO - HTTP Request: GET https://rt.data.gov.hk/v2/transport/citybus/route-stop/CTB/71P/inbound "HTTP/1.1 200 OK"
18-Oct-23 19:07:03 | httpx - INFO - HTTP Request: GET https://rt.data.gov.hk/v2/transport/citybus/route-stop/CTB/720X/inbound "HTTP/1.1 200 OK"
18-Oct-23 19:07:03 | httpx - INFO - HTTP Request: GET https://rt.data.gov.hk/v2/transport/citybus/route-stop/CTB/E22A/outbound "HTTP/1.1 200 OK"
18-Oct-23 19:07:03 | httpx - INFO - HTTP Request: GET https://rt.data.gov.hk/v2/transport/citybus/route-stop/CTB/A12/inbound "HTTP/1.1 200 OK"
18-Oct-23 19:07:03 | httpx - INFO - HTTP Request: GET https://rt.data.gov.hk/v2/transport/citybus/route-stop/CTB/701R/outbound "HTTP/1.1 200 OK"
18-Oct-23 19:07:03 | httpx - INFO - HTTP Request: GET https://rt.data.gov.hk/v2/transport/citybus/route-stop/CTB/N8X/inbound "HTTP/1.1 200 OK"
18-Oct-23 19:07:03 | httpx - INFO - HTTP Request: GET https://rt.data.gov.hk/v2/transport/citybus/route-stop/CTB/E23A/inbound "HTTP/1.1 200 OK"
18-Oct-23 19:07:03 | httpx - INFO - HTTP Request: GET https://rt.data.gov.hk/v2/transport/citybus/route-stop/CTB/701S/outbound "HTTP/1.1 200 OK"
18-Oct-23 19:07:03 | httpx - INFO - HTTP Request: GET https://rt.data.gov.hk/v2/transport/citybus/route-stop/CTB/X962/outbound "HTTP/1.1 200 OK"
18-Oct-23 19:07:03 | httpx - INFO - HTTP Request: GET https://rt.data.gov.hk/v2/transport/citybus/route-stop/CTB/798P/outbound "HTTP/1.1 200 OK"
18-Oct-23 19:07:03 | httpx - INFO - HTTP Request: GET https://rt.data.gov.hk/v2/transport/citybus/route-stop/CTB/E22/outbound "HTTP/1.1 200 OK"
18-Oct-23 19:07:03 | httpx - INFO - HTTP Request: GET https://rt.data.gov.hk/v2/transport/citybus/route-stop/CTB/702/outbound "HTTP/1.1 200 OK"
18-Oct-23 19:07:03 | httpx - INFO - HTTP Request: GET https://rt.data.gov.hk/v2/transport/citybus/route-stop/CTB/989/outbound "HTTP/1.1 200 OK"
18-Oct-23 19:07:03 | httpx - INFO - HTTP Request: GET https://rt.data.gov.hk/v2/transport/citybus/route-stop/CTB/905P/inbound "HTTP/1.1 200 OK"
18-Oct-23 19:07:03 | httpx - INFO - HTTP Request: GET https://rt.data.gov.hk/v2/transport/citybus/route-stop/CTB/606A/outbound "HTTP/1.1 200 OK"
18-Oct-23 19:07:03 | httpx - INFO - HTTP Request: GET https://rt.data.gov.hk/v2/transport/citybus/route-stop/CTB/907B/inbound "HTTP/1.1 200 OK"
18-Oct-23 19:07:03 | httpx - INFO - HTTP Request: GET https://rt.data.gov.hk/v2/transport/citybus/route-stop/CTB/619/outbound "HTTP/1.1 200 OK"
18-Oct-23 19:07:03 | httpx - INFO - HTTP Request: GET https://rt.data.gov.hk/v2/transport/citybus/route-stop/CTB/70/inbound "HTTP/1.1 200 OK"
18-Oct-23 19:07:03 | httpx - INFO - HTTP Request: GET https://rt.data.gov.hk/v2/transport/citybus/route-stop/CTB/H1/inbound "HTTP/1.1 200 OK"
18-Oct-23 19:07:03 | httpx - INFO - HTTP Request: GET https://rt.data.gov.hk/v2/transport/citybus/route-stop/CTB/948A/outbound "HTTP/1.1 200 OK"
18-Oct-23 19:07:03 | httpx - INFO - HTTP Request: GET https://rt.data.gov.hk/v2/transport/citybus/route-stop/CTB/980A/outbound "HTTP/1.1 200 OK"
18-Oct-23 19:07:03 | httpx - INFO - HTTP Request: GET https://rt.data.gov.hk/v2/transport/citybus/route-stop/CTB/N72/outbound "HTTP/1.1 200 OK"
18-Oct-23 19:07:03 | httpx - INFO - HTTP Request: GET https://rt.data.gov.hk/v2/transport/citybus/route-stop/CTB/8/outbound "HTTP/1.1 200 OK"
18-Oct-23 19:07:03 | httpx - INFO - HTTP Request: GET https://rt.data.gov.hk/v2/transport/citybus/route-stop/CTB/720P/outbound "HTTP/1.1 200 OK"
18-Oct-23 19:07:03 | httpx - INFO - HTTP Request: GET https://rt.data.gov.hk/v2/transport/citybus/route-stop/CTB/980X/outbound "HTTP/1.1 200 OK"
18-Oct-23 19:07:03 | httpx - INFO - HTTP Request: GET https://rt.data.gov.hk/v2/transport/citybus/route-stop/CTB/722/outbound "HTTP/1.1 200 OK"
18-Oct-23 19:07:03 | httpx - INFO - HTTP Request: GET https://rt.data.gov.hk/v2/transport/citybus/route-stop/CTB/90/outbound "HTTP/1.1 200 OK"
18-Oct-23 19:07:03 | httpx - INFO - HTTP Request: GET https://rt.data.gov.hk/v2/transport/citybus/route-stop/CTB/E21B/inbound "HTTP/1.1 200 OK"
18-Oct-23 19:07:03 | httpx - INFO - HTTP Request: GET https://rt.data.gov.hk/v2/transport/citybus/route-stop/CTB/981P/inbound "HTTP/1.1 200 OK"
18-Oct-23 19:07:03 | httpx - INFO - HTTP Request: GET https://rt.data.gov.hk/v2/transport/citybus/route-stop/CTB/91A/outbound "HTTP/1.1 200 OK"
18-Oct-23 19:07:03 | httpx - INFO - HTTP Request: GET https://rt.data.gov.hk/v2/transport/citybus/route-stop/CTB/694S/inbound "HTTP/1.1 200 OK"
18-Oct-23 19:07:03 | httpx - INFO - HTTP Request: GET https://rt.data.gov.hk/v2/transport/citybus/route-stop/CTB/99X/outbound "HTTP/1.1 200 OK"
18-Oct-23 19:07:03 | httpx - INFO - HTTP Request: GET https://rt.data.gov.hk/v2/transport/citybus/route-stop/CTB/694/inbound "HTTP/1.1 200 OK"
18-Oct-23 19:07:03 | httpx - INFO - HTTP Request: GET https://rt.data.gov.hk/v2/transport/citybus/route-stop/CTB/6X/outbound "HTTP/1.1 200 OK"
18-Oct-23 19:07:04 | httpx - INFO - HTTP Request: GET https://rt.data.gov.hk/v2/transport/citybus/route-stop/CTB/72A/outbound "HTTP/1.1 200 OK"
18-Oct-23 19:07:04 | httpx - INFO - HTTP Request: GET https://rt.data.gov.hk/v2/transport/citybus/route-stop/CTB/702S/inbound "HTTP/1.1 200 OK"
18-Oct-23 19:07:04 | httpx - INFO - HTTP Request: GET https://rt.data.gov.hk/v2/transport/citybus/route-stop/CTB/A25/inbound "HTTP/1.1 200 OK"
18-Oct-23 19:07:04 | httpx - INFO - HTTP Request: GET https://rt.data.gov.hk/v2/transport/citybus/route-stop/CTB/606/inbound "HTTP/1.1 200 OK"
18-Oct-23 19:07:04 | httpx - INFO - HTTP Request: GET https://rt.data.gov.hk/v2/transport/citybus/route-stop/CTB/72A/inbound "HTTP/1.1 200 OK"
18-Oct-23 19:07:04 | httpx - INFO - HTTP Request: GET https://rt.data.gov.hk/v2/transport/citybus/route-stop/CTB/79X/inbound "HTTP/1.1 200 OK"
18-Oct-23 19:07:04 | httpx - INFO - HTTP Request: GET https://rt.data.gov.hk/v2/transport/citybus/route-stop/CTB/9/outbound "HTTP/1.1 200 OK"
18-Oct-23 19:07:04 | httpx - INFO - HTTP Request: GET https://rt.data.gov.hk/v2/transport/citybus/route-stop/CTB/985/outbound "HTTP/1.1 200 OK"
18-Oct-23 19:07:04 | httpx - INFO - HTTP Request: GET https://rt.data.gov.hk/v2/transport/citybus/route-stop/CTB/8/inbound "HTTP/1.1 200 OK"
18-Oct-23 19:07:04 | httpx - INFO - HTTP Request: GET https://rt.data.gov.hk/v2/transport/citybus/route-stop/CTB/907C/inbound "HTTP/1.1 200 OK"
18-Oct-23 19:07:04 | httpx - INFO - HTTP Request: GET https://rt.data.gov.hk/v2/transport/citybus/route-stop/CTB/N20/inbound "HTTP/1.1 200 OK"
18-Oct-23 19:07:04 | httpx - INFO - HTTP Request: GET https://rt.data.gov.hk/v2/transport/citybus/route-stop/CTB/780P/inbound "HTTP/1.1 200 OK"
18-Oct-23 19:07:04 | httpx - INFO - HTTP Request: GET https://rt.data.gov.hk/v2/transport/citybus/route-stop/CTB/722/inbound "HTTP/1.1 200 OK"
18-Oct-23 19:07:04 | httpx - INFO - HTTP Request: GET https://rt.data.gov.hk/v2/transport/citybus/route-stop/CTB/90C/outbound "HTTP/1.1 200 OK"
18-Oct-23 19:07:04 | httpx - INFO - HTTP Request: GET https://rt.data.gov.hk/v2/transport/citybus/route-stop/CTB/79P/inbound "HTTP/1.1 200 OK"
18-Oct-23 19:07:04 | httpx - INFO - HTTP Request: GET https://rt.data.gov.hk/v2/transport/citybus/route-stop/CTB/969X/inbound "HTTP/1.1 200 OK"
18-Oct-23 19:07:04 | httpx - INFO - HTTP Request: GET https://rt.data.gov.hk/v2/transport/citybus/route-stop/CTB/N21/inbound "HTTP/1.1 200 OK"
18-Oct-23 19:07:04 | httpx - INFO - HTTP Request: GET https://rt.data.gov.hk/v2/transport/citybus/route-stop/CTB/93A/outbound "HTTP/1.1 200 OK"
18-Oct-23 19:07:04 | httpx - INFO - HTTP Request: GET https://rt.data.gov.hk/v2/transport/citybus/route-stop/CTB/N21A/inbound "HTTP/1.1 200 OK"
18-Oct-23 19:07:04 | httpx - INFO - HTTP Request: GET https://rt.data.gov.hk/v2/transport/citybus/route-stop/CTB/914X/inbound "HTTP/1.1 200 OK"
18-Oct-23 19:07:04 | httpx - INFO - HTTP Request: GET https://rt.data.gov.hk/v2/transport/citybus/route-stop/CTB/948/inbound "HTTP/1.1 200 OK"
18-Oct-23 19:07:04 | httpx - INFO - HTTP Request: GET https://rt.data.gov.hk/v2/transport/citybus/route-stop/CTB/796R/inbound "HTTP/1.1 200 OK"
18-Oct-23 19:07:04 | httpx - INFO - HTTP Request: GET https://rt.data.gov.hk/v2/transport/citybus/route-stop/CTB/82/inbound "HTTP/1.1 200 OK"
18-Oct-23 19:07:04 | httpx - INFO - HTTP Request: GET https://rt.data.gov.hk/v2/transport/citybus/route-stop/CTB/671/outbound "HTTP/1.1 200 OK"
18-Oct-23 19:07:04 | httpx - INFO - HTTP Request: GET https://rt.data.gov.hk/v2/transport/citybus/route-stop/CTB/798A/outbound "HTTP/1.1 200 OK"
18-Oct-23 19:07:04 | httpx - INFO - HTTP Request: GET https://rt.data.gov.hk/v2/transport/citybus/route-stop/CTB/N8/outbound "HTTP/1.1 200 OK"
18-Oct-23 19:07:04 | httpx - INFO - HTTP Request: GET https://rt.data.gov.hk/v2/transport/citybus/route-stop/CTB/75/inbound "HTTP/1.1 200 OK"
18-Oct-23 19:07:04 | httpx - INFO - HTTP Request: GET https://rt.data.gov.hk/v2/transport/citybus/route-stop/CTB/75/outbound "HTTP/1.1 200 OK"
18-Oct-23 19:07:04 | httpx - INFO - HTTP Request: GET https://rt.data.gov.hk/v2/transport/citybus/route-stop/CTB/97/inbound "HTTP/1.1 200 OK"
18-Oct-23 19:07:04 | httpx - INFO - HTTP Request: GET https://rt.data.gov.hk/v2/transport/citybus/route-stop/CTB/948P/outbound "HTTP/1.1 200 OK"
18-Oct-23 19:07:04 | httpx - INFO - HTTP Request: GET https://rt.data.gov.hk/v2/transport/citybus/route-stop/CTB/789/inbound "HTTP/1.1 200 OK"
18-Oct-23 19:07:04 | httpx - INFO - HTTP Request: GET https://rt.data.gov.hk/v2/transport/citybus/route-stop/CTB/798X/outbound "HTTP/1.1 200 OK"
18-Oct-23 19:07:04 | httpx - INFO - HTTP Request: GET https://rt.data.gov.hk/v2/transport/citybus/route-stop/CTB/973/inbound "HTTP/1.1 200 OK"
18-Oct-23 19:07:04 | httpx - INFO - HTTP Request: GET https://rt.data.gov.hk/v2/transport/citybus/route-stop/CTB/789/outbound "HTTP/1.1 200 OK"
18-Oct-23 19:07:04 | httpx - INFO - HTTP Request: GET https://rt.data.gov.hk/v2/transport/citybus/route-stop/CTB/79X/outbound "HTTP/1.1 200 OK"
18-Oct-23 19:07:04 | httpx - INFO - HTTP Request: GET https://rt.data.gov.hk/v2/transport/citybus/route-stop/CTB/N90/inbound "HTTP/1.1 200 OK"
18-Oct-23 19:07:04 | httpx - INFO - HTTP Request: GET https://rt.data.gov.hk/v2/transport/citybus/route-stop/CTB/969C/inbound "HTTP/1.1 200 OK"
18-Oct-23 19:07:04 | httpx - INFO - HTTP Request: GET https://rt.data.gov.hk/v2/transport/citybus/route-stop/CTB/980A/inbound "HTTP/1.1 200 OK"
18-Oct-23 19:07:04 | httpx - INFO - HTTP Request: GET https://rt.data.gov.hk/v2/transport/citybus/route-stop/CTB/914X/outbound "HTTP/1.1 200 OK"
18-Oct-23 19:07:04 | httpx - INFO - HTTP Request: GET https://rt.data.gov.hk/v2/transport/citybus/route-stop/CTB/N170/outbound "HTTP/1.1 200 OK"
18-Oct-23 19:07:04 | httpx - INFO - HTTP Request: GET https://rt.data.gov.hk/v2/transport/citybus/route-stop/CTB/798/outbound "HTTP/1.1 200 OK"
18-Oct-23 19:07:04 | httpx - INFO - HTTP Request: GET https://rt.data.gov.hk/v2/transport/citybus/route-stop/CTB/N90/outbound "HTTP/1.1 200 OK"
18-Oct-23 19:07:04 | httpx - INFO - HTTP Request: GET https://rt.data.gov.hk/v2/transport/citybus/route-stop/CTB/788/inbound "HTTP/1.1 200 OK"
18-Oct-23 19:07:04 | httpx - INFO - HTTP Request: GET https://rt.data.gov.hk/v2/transport/citybus/route-stop/CTB/905/inbound "HTTP/1.1 200 OK"
18-Oct-23 19:07:04 | httpx - INFO - HTTP Request: GET https://rt.data.gov.hk/v2/transport/citybus/route-stop/CTB/E23/inbound "HTTP/1.1 200 OK"
18-Oct-23 19:07:04 | httpx - INFO - HTTP Request: GET https://rt.data.gov.hk/v2/transport/citybus/route-stop/CTB/948E/outbound "HTTP/1.1 200 OK"
18-Oct-23 19:07:04 | httpx - INFO - HTTP Request: GET https://rt.data.gov.hk/v2/transport/citybus/route-stop/CTB/971R/inbound "HTTP/1.1 200 OK"
18-Oct-23 19:07:04 | httpx - INFO - HTTP Request: GET https://rt.data.gov.hk/v2/transport/citybus/route-stop/CTB/77X/inbound "HTTP/1.1 200 OK"
18-Oct-23 19:07:04 | httpx - INFO - HTTP Request: GET https://rt.data.gov.hk/v2/transport/citybus/route-stop/CTB/99/inbound "HTTP/1.1 200 OK"
18-Oct-23 19:07:04 | httpx - INFO - HTTP Request: GET https://rt.data.gov.hk/v2/transport/citybus/route-stop/CTB/797/inbound "HTTP/1.1 200 OK"
18-Oct-23 19:07:04 | httpx - INFO - HTTP Request: GET https://rt.data.gov.hk/v2/transport/citybus/route-stop/CTB/81/inbound "HTTP/1.1 200 OK"
18-Oct-23 19:07:04 | httpx - INFO - HTTP Request: GET https://rt.data.gov.hk/v2/transport/citybus/route-stop/CTB/796S/outbound "HTTP/1.1 200 OK"
18-Oct-23 19:07:04 | httpx - INFO - HTTP Request: GET https://rt.data.gov.hk/v2/transport/citybus/route-stop/CTB/90B/outbound "HTTP/1.1 200 OK"
18-Oct-23 19:07:04 | httpx - INFO - HTTP Request: GET https://rt.data.gov.hk/v2/transport/citybus/route-stop/CTB/H1/outbound "HTTP/1.1 200 OK"
18-Oct-23 19:07:04 | httpx - INFO - HTTP Request: GET https://rt.data.gov.hk/v2/transport/citybus/route-stop/CTB/N969/outbound "HTTP/1.1 200 OK"
18-Oct-23 19:07:04 | httpx - INFO - HTTP Request: GET https://rt.data.gov.hk/v2/transport/citybus/route-stop/CTB/969P/inbound "HTTP/1.1 200 OK"
18-Oct-23 19:07:04 | httpx - INFO - HTTP Request: GET https://rt.data.gov.hk/v2/transport/citybus/route-stop/CTB/95/inbound "HTTP/1.1 200 OK"
18-Oct-23 19:07:04 | httpx - INFO - HTTP Request: GET https://rt.data.gov.hk/v2/transport/citybus/route-stop/CTB/797/outbound "HTTP/1.1 200 OK"
18-Oct-23 19:07:04 | httpx - INFO - HTTP Request: GET https://rt.data.gov.hk/v2/transport/citybus/route-stop/CTB/796R/outbound "HTTP/1.1 200 OK"
18-Oct-23 19:07:04 | httpx - INFO - HTTP Request: GET https://rt.data.gov.hk/v2/transport/citybus/route-stop/CTB/795P/inbound "HTTP/1.1 200 OK"
18-Oct-23 19:07:04 | httpx - INFO - HTTP Request: GET https://rt.data.gov.hk/v2/transport/citybus/route-stop/CTB/795/outbound "HTTP/1.1 200 OK"
18-Oct-23 19:07:04 | httpx - INFO - HTTP Request: GET https://rt.data.gov.hk/v2/transport/citybus/route-stop/CTB/E23A/outbound "HTTP/1.1 200 OK"
18-Oct-23 19:07:04 | httpx - INFO - HTTP Request: GET https://rt.data.gov.hk/v2/transport/citybus/route-stop/CTB/969A/outbound "HTTP/1.1 200 OK"
18-Oct-23 19:07:04 | httpx - INFO - HTTP Request: GET https://rt.data.gov.hk/v2/transport/citybus/route-stop/CTB/971/inbound "HTTP/1.1 200 OK"
18-Oct-23 19:07:04 | httpx - INFO - HTTP Request: GET https://rt.data.gov.hk/v2/transport/citybus/route-stop/CTB/795P/outbound "HTTP/1.1 200 OK"
18-Oct-23 19:07:04 | httpx - INFO - HTTP Request: GET https://rt.data.gov.hk/v2/transport/citybus/route-stop/CTB/795/inbound "HTTP/1.1 200 OK"
18-Oct-23 19:07:04 | httpx - INFO - HTTP Request: GET https://rt.data.gov.hk/v2/transport/citybus/route-stop/CTB/N952/outbound "HTTP/1.1 200 OK"
18-Oct-23 19:07:04 | httpx - INFO - HTTP Request: GET https://rt.data.gov.hk/v2/transport/citybus/route-stop/CTB/77A/outbound "HTTP/1.1 200 OK"
18-Oct-23 19:07:04 | httpx - INFO - HTTP Request: GET https://rt.data.gov.hk/v2/transport/citybus/route-stop/CTB/S52P/inbound "HTTP/1.1 200 OK"
18-Oct-23 19:07:04 | httpx - INFO - HTTP Request: GET https://rt.data.gov.hk/v2/transport/citybus/route-stop/CTB/796S/inbound "HTTP/1.1 200 OK"
18-Oct-23 19:07:04 | httpx - INFO - HTTP Request: GET https://rt.data.gov.hk/v2/transport/citybus/route-stop/CTB/E23/outbound "HTTP/1.1 200 OK"
18-Oct-23 19:07:04 | httpx - INFO - HTTP Request: GET https://rt.data.gov.hk/v2/transport/citybus/route-stop/CTB/8S/inbound "HTTP/1.1 200 OK"
18-Oct-23 19:07:04 | httpx - INFO - HTTP Request: GET https://rt.data.gov.hk/v2/transport/citybus/route-stop/CTB/969X/outbound "HTTP/1.1 200 OK"
18-Oct-23 19:07:04 | httpx - INFO - HTTP Request: GET https://rt.data.gov.hk/v2/transport/citybus/route-stop/CTB/989/inbound "HTTP/1.1 200 OK"
18-Oct-23 19:07:04 | httpx - INFO - HTTP Request: GET https://rt.data.gov.hk/v2/transport/citybus/route-stop/CTB/N20/outbound "HTTP/1.1 200 OK"
18-Oct-23 19:07:04 | httpx - INFO - HTTP Request: GET https://rt.data.gov.hk/v2/transport/citybus/route-stop/CTB/91/outbound "HTTP/1.1 200 OK"
18-Oct-23 19:07:04 | httpx - INFO - HTTP Request: GET https://rt.data.gov.hk/v2/transport/citybus/route-stop/CTB/81A/outbound "HTTP/1.1 200 OK"
18-Oct-23 19:07:04 | httpx - INFO - HTTP Request: GET https://rt.data.gov.hk/v2/transport/citybus/route-stop/CTB/85A/outbound "HTTP/1.1 200 OK"
18-Oct-23 19:07:04 | httpx - INFO - HTTP Request: GET https://rt.data.gov.hk/v2/transport/citybus/route-stop/CTB/798/inbound "HTTP/1.1 200 OK"
18-Oct-23 19:07:04 | httpx - INFO - HTTP Request: GET https://rt.data.gov.hk/v2/transport/citybus/route-stop/CTB/E22X/inbound "HTTP/1.1 200 OK"
18-Oct-23 19:07:04 | httpx - INFO - HTTP Request: GET https://rt.data.gov.hk/v2/transport/citybus/route-stop/CTB/970X/inbound "HTTP/1.1 200 OK"
18-Oct-23 19:07:04 | httpx - INFO - HTTP Request: GET https://rt.data.gov.hk/v2/transport/citybus/route-stop/CTB/95C/inbound "HTTP/1.1 200 OK"
18-Oct-23 19:07:04 | httpx - INFO - HTTP Request: GET https://rt.data.gov.hk/v2/transport/citybus/route-stop/CTB/948A/inbound "HTTP/1.1 200 OK"
18-Oct-23 19:07:04 | httpx - INFO - HTTP Request: GET https://rt.data.gov.hk/v2/transport/citybus/route-stop/CTB/798A/inbound "HTTP/1.1 200 OK"
18-Oct-23 19:07:04 | httpx - INFO - HTTP Request: GET https://rt.data.gov.hk/v2/transport/citybus/route-stop/CTB/970X/outbound "HTTP/1.1 200 OK"
18-Oct-23 19:07:04 | httpx - INFO - HTTP Request: GET https://rt.data.gov.hk/v2/transport/citybus/route-stop/CTB/77/outbound "HTTP/1.1 200 OK"
18-Oct-23 19:07:04 | httpx - INFO - HTTP Request: GET https://rt.data.gov.hk/v2/transport/citybus/route-stop/CTB/77/inbound "HTTP/1.1 200 OK"
18-Oct-23 19:07:04 | httpx - INFO - HTTP Request: GET https://rt.data.gov.hk/v2/transport/citybus/route-stop/CTB/76/outbound "HTTP/1.1 200 OK"
18-Oct-23 19:07:04 | httpx - INFO - HTTP Request: GET https://rt.data.gov.hk/v2/transport/citybus/route-stop/CTB/73P/outbound "HTTP/1.1 200 OK"
18-Oct-23 19:07:04 | httpx - INFO - HTTP Request: GET https://rt.data.gov.hk/v2/transport/citybus/route-stop/CTB/73/outbound "HTTP/1.1 200 OK"
18-Oct-23 19:07:04 | httpx - INFO - HTTP Request: GET https://rt.data.gov.hk/v2/transport/citybus/route-stop/CTB/88R/inbound "HTTP/1.1 200 OK"
18-Oct-23 19:07:04 | httpx - INFO - HTTP Request: GET https://rt.data.gov.hk/v2/transport/citybus/route-stop/CTB/N121/inbound "HTTP/1.1 200 OK"
18-Oct-23 19:07:04 | httpx - INFO - HTTP Request: GET https://rt.data.gov.hk/v2/transport/citybus/route-stop/CTB/905A/outbound "HTTP/1.1 200 OK"
18-Oct-23 19:07:04 | httpx - INFO - HTTP Request: GET https://rt.data.gov.hk/v2/transport/citybus/route-stop/CTB/795X/outbound "HTTP/1.1 200 OK"
18-Oct-23 19:07:04 | httpx - INFO - HTTP Request: GET https://rt.data.gov.hk/v2/transport/citybus/route-stop/CTB/99X/inbound "HTTP/1.1 200 OK"
18-Oct-23 19:07:04 | httpx - INFO - HTTP Request: GET https://rt.data.gov.hk/v2/transport/citybus/route-stop/CTB/X970/inbound "HTTP/1.1 200 OK"
18-Oct-23 19:07:04 | httpx - INFO - HTTP Request: GET https://rt.data.gov.hk/v2/transport/citybus/route-stop/CTB/88R/outbound "HTTP/1.1 200 OK"
18-Oct-23 19:07:04 | httpx - INFO - HTTP Request: GET https://rt.data.gov.hk/v2/transport/citybus/route-stop/CTB/967X/outbound "HTTP/1.1 200 OK"
18-Oct-23 19:07:04 | httpx - INFO - HTTP Request: GET https://rt.data.gov.hk/v2/transport/citybus/route-stop/CTB/73/inbound "HTTP/1.1 200 OK"
18-Oct-23 19:07:04 | httpx - INFO - HTTP Request: GET https://rt.data.gov.hk/v2/transport/citybus/route-stop/CTB/N171/outbound "HTTP/1.1 200 OK"
18-Oct-23 19:07:04 | httpx - INFO - HTTP Request: GET https://rt.data.gov.hk/v2/transport/citybus/route-stop/CTB/76/inbound "HTTP/1.1 200 OK"
18-Oct-23 19:07:04 | httpx - INFO - HTTP Request: GET https://rt.data.gov.hk/v2/transport/citybus/route-stop/CTB/981P/outbound "HTTP/1.1 200 OK"
18-Oct-23 19:07:04 | httpx - INFO - HTTP Request: GET https://rt.data.gov.hk/v2/transport/citybus/route-stop/CTB/NA29/outbound "HTTP/1.1 200 OK"
18-Oct-23 19:07:04 | httpx - INFO - HTTP Request: GET https://rt.data.gov.hk/v2/transport/citybus/route-stop/CTB/979/inbound "HTTP/1.1 200 OK"
18-Oct-23 19:07:04 | httpx - INFO - HTTP Request: GET https://rt.data.gov.hk/v2/transport/citybus/route-stop/CTB/S56/outbound "HTTP/1.1 200 OK"
18-Oct-23 19:07:04 | httpx - INFO - HTTP Request: GET https://rt.data.gov.hk/v2/transport/citybus/route-stop/CTB/N11/outbound "HTTP/1.1 200 OK"
18-Oct-23 19:07:04 | httpx - INFO - HTTP Request: GET https://rt.data.gov.hk/v2/transport/citybus/route-stop/CTB/798X/inbound "HTTP/1.1 200 OK"
18-Oct-23 19:07:04 | httpx - INFO - HTTP Request: GET https://rt.data.gov.hk/v2/transport/citybus/route-stop/CTB/952P/inbound "HTTP/1.1 200 OK"
18-Oct-23 19:07:04 | httpx - INFO - HTTP Request: GET https://rt.data.gov.hk/v2/transport/citybus/route-stop/CTB/8P/outbound "HTTP/1.1 200 OK"
18-Oct-23 19:07:04 | httpx - INFO - HTTP Request: GET https://rt.data.gov.hk/v2/transport/citybus/route-stop/CTB/88X/inbound "HTTP/1.1 200 OK"
18-Oct-23 19:07:04 | httpx - INFO - HTTP Request: GET https://rt.data.gov.hk/v2/transport/citybus/route-stop/CTB/NA29/inbound "HTTP/1.1 200 OK"
18-Oct-23 19:07:04 | httpx - INFO - HTTP Request: GET https://rt.data.gov.hk/v2/transport/citybus/route-stop/CTB/H2/inbound "HTTP/1.1 200 OK"
18-Oct-23 19:07:04 | httpx - INFO - HTTP Request: GET https://rt.data.gov.hk/v2/transport/citybus/route-stop/CTB/B3X/outbound "HTTP/1.1 200 OK"
18-Oct-23 19:07:04 | httpx - INFO - HTTP Request: GET https://rt.data.gov.hk/v2/transport/citybus/route-stop/CTB/N170/inbound "HTTP/1.1 200 OK"
18-Oct-23 19:07:04 | httpx - INFO - HTTP Request: GET https://rt.data.gov.hk/v2/transport/citybus/route-stop/CTB/S52A/outbound "HTTP/1.1 200 OK"
18-Oct-23 19:07:04 | httpx - INFO - HTTP Request: GET https://rt.data.gov.hk/v2/transport/citybus/route-stop/CTB/NA20/outbound "HTTP/1.1 200 OK"
18-Oct-23 19:07:04 | httpx - INFO - HTTP Request: GET https://rt.data.gov.hk/v2/transport/citybus/route-stop/CTB/S52A/inbound "HTTP/1.1 200 OK"
18-Oct-23 19:07:04 | httpx - INFO - HTTP Request: GET https://rt.data.gov.hk/v2/transport/citybus/route-stop/CTB/85P/outbound "HTTP/1.1 200 OK"
18-Oct-23 19:07:04 | httpx - INFO - HTTP Request: GET https://rt.data.gov.hk/v2/transport/citybus/route-stop/CTB/91A/inbound "HTTP/1.1 200 OK"
18-Oct-23 19:07:04 | httpx - INFO - HTTP Request: GET https://rt.data.gov.hk/v2/transport/citybus/route-stop/CTB/8P/inbound "HTTP/1.1 200 OK"
18-Oct-23 19:07:05 | httpx - INFO - HTTP Request: GET https://rt.data.gov.hk/v2/transport/citybus/route-stop/CTB/85P/inbound "HTTP/1.1 200 OK"
18-Oct-23 19:07:05 | httpx - INFO - HTTP Request: GET https://rt.data.gov.hk/v2/transport/citybus/route-stop/CTB/905A/inbound "HTTP/1.1 200 OK"
18-Oct-23 19:07:05 | httpx - INFO - HTTP Request: GET https://rt.data.gov.hk/v2/transport/citybus/route-stop/CTB/B7/inbound "HTTP/1.1 200 OK"
18-Oct-23 19:07:05 | httpx - INFO - HTTP Request: GET https://rt.data.gov.hk/v2/transport/citybus/route-stop/CTB/N122/inbound "HTTP/1.1 200 OK"
18-Oct-23 19:07:05 | httpx - INFO - HTTP Request: GET https://rt.data.gov.hk/v2/transport/citybus/route-stop/CTB/796X/inbound "HTTP/1.1 200 OK"
18-Oct-23 19:07:05 | httpx - INFO - HTTP Request: GET https://rt.data.gov.hk/v2/transport/citybus/route-stop/CTB/907B/outbound "HTTP/1.1 200 OK"
18-Oct-23 19:07:05 | httpx - INFO - HTTP Request: GET https://rt.data.gov.hk/v2/transport/citybus/route-stop/CTB/NA20/inbound "HTTP/1.1 200 OK"
18-Oct-23 19:07:05 | httpx - INFO - HTTP Request: GET https://rt.data.gov.hk/v2/transport/citybus/route-stop/CTB/796X/outbound "HTTP/1.1 200 OK"
18-Oct-23 19:07:05 | httpx - INFO - HTTP Request: GET https://rt.data.gov.hk/v2/transport/citybus/route-stop/CTB/94A/inbound "HTTP/1.1 200 OK"
18-Oct-23 19:07:05 | httpx - INFO - HTTP Request: GET https://rt.data.gov.hk/v2/transport/citybus/route-stop/CTB/9/inbound "HTTP/1.1 200 OK"
18-Oct-23 19:07:05 | httpx - INFO - HTTP Request: GET https://rt.data.gov.hk/v2/transport/citybus/route-stop/CTB/H1S/inbound "HTTP/1.1 200 OK"
18-Oct-23 19:07:05 | httpx - INFO - HTTP Request: GET https://rt.data.gov.hk/v2/transport/citybus/route-stop/CTB/H1S/outbound "HTTP/1.1 200 OK"
18-Oct-23 19:07:05 | httpx - INFO - HTTP Request: GET https://rt.data.gov.hk/v2/transport/citybus/route-stop/CTB/B8/inbound "HTTP/1.1 200 OK"
18-Oct-23 19:07:05 | httpx - INFO - HTTP Request: GET https://rt.data.gov.hk/v2/transport/citybus/route-stop/CTB/N8P/inbound "HTTP/1.1 200 OK"
18-Oct-23 19:07:05 | httpx - INFO - HTTP Request: GET https://rt.data.gov.hk/v2/transport/citybus/route-stop/CTB/8S/outbound "HTTP/1.1 200 OK"
18-Oct-23 19:07:05 | httpx - INFO - HTTP Request: GET https://rt.data.gov.hk/v2/transport/citybus/route-stop/CTB/8X/inbound "HTTP/1.1 200 OK"
18-Oct-23 19:07:05 | httpx - INFO - HTTP Request: GET https://rt.data.gov.hk/v2/transport/citybus/route-stop/CTB/907C/outbound "HTTP/1.1 200 OK"
18-Oct-23 19:07:05 | httpx - INFO - HTTP Request: GET https://rt.data.gov.hk/v2/transport/citybus/route-stop/CTB/E11S/inbound "HTTP/1.1 200 OK"
18-Oct-23 19:07:05 | httpx - INFO - HTTP Request: GET https://rt.data.gov.hk/v2/transport/citybus/route-stop/CTB/N23/inbound "HTTP/1.1 200 OK"
18-Oct-23 19:07:05 | httpx - INFO - HTTP Request: GET https://rt.data.gov.hk/v2/transport/citybus/route-stop/CTB/N26/outbound "HTTP/1.1 200 OK"
18-Oct-23 19:07:05 | httpx - INFO - HTTP Request: GET https://rt.data.gov.hk/v2/transport/citybus/route-stop/CTB/B3X/inbound "HTTP/1.1 200 OK"
18-Oct-23 19:07:05 | httpx - INFO - HTTP Request: GET https://rt.data.gov.hk/v2/transport/citybus/route-stop/CTB/967/inbound "HTTP/1.1 200 OK"
18-Oct-23 19:07:05 | httpx - INFO - HTTP Request: GET https://rt.data.gov.hk/v2/transport/citybus/route-stop/CTB/969/outbound "HTTP/1.1 200 OK"
18-Oct-23 19:07:05 | httpx - INFO - HTTP Request: GET https://rt.data.gov.hk/v2/transport/citybus/route-stop/CTB/955/outbound "HTTP/1.1 200 OK"
18-Oct-23 19:07:05 | httpx - INFO - HTTP Request: GET https://rt.data.gov.hk/v2/transport/citybus/route-stop/CTB/8H/outbound "HTTP/1.1 200 OK"
18-Oct-23 19:07:05 | httpx - INFO - HTTP Request: GET https://rt.data.gov.hk/v2/transport/citybus/route-stop/CTB/95P/outbound "HTTP/1.1 200 OK"
18-Oct-23 19:07:05 | httpx - INFO - HTTP Request: GET https://rt.data.gov.hk/v2/transport/citybus/route-stop/CTB/A20/inbound "HTTP/1.1 200 OK"
18-Oct-23 19:07:05 | httpx - INFO - HTTP Request: GET https://rt.data.gov.hk/v2/transport/citybus/route-stop/CTB/948B/outbound "HTTP/1.1 200 OK"
18-Oct-23 19:07:05 | httpx - INFO - HTTP Request: GET https://rt.data.gov.hk/v2/transport/citybus/route-stop/CTB/90/inbound "HTTP/1.1 200 OK"
18-Oct-23 19:07:05 | httpx - INFO - HTTP Request: GET https://rt.data.gov.hk/v2/transport/citybus/route-stop/CTB/NA21/outbound "HTTP/1.1 200 OK"
18-Oct-23 19:07:05 | httpx - INFO - HTTP Request: GET https://rt.data.gov.hk/v2/transport/citybus/route-stop/CTB/N619/inbound "HTTP/1.1 200 OK"
18-Oct-23 19:07:05 | httpx - INFO - HTTP Request: GET https://rt.data.gov.hk/v2/transport/citybus/route-stop/CTB/950/outbound "HTTP/1.1 200 OK"
18-Oct-23 19:07:05 | httpx - INFO - HTTP Request: GET https://rt.data.gov.hk/v2/transport/citybus/route-stop/CTB/X15/inbound "HTTP/1.1 200 OK"
18-Oct-23 19:07:05 | httpx - INFO - HTTP Request: GET https://rt.data.gov.hk/v2/transport/citybus/route-stop/CTB/970/inbound "HTTP/1.1 200 OK"
18-Oct-23 19:07:05 | httpx - INFO - HTTP Request: GET https://rt.data.gov.hk/v2/transport/citybus/route-stop/CTB/950/inbound "HTTP/1.1 200 OK"
18-Oct-23 19:07:05 | httpx - INFO - HTTP Request: GET https://rt.data.gov.hk/v2/transport/citybus/route-stop/CTB/97/outbound "HTTP/1.1 200 OK"
18-Oct-23 19:07:05 | httpx - INFO - HTTP Request: GET https://rt.data.gov.hk/v2/transport/citybus/route-stop/CTB/962P/outbound "HTTP/1.1 200 OK"
18-Oct-23 19:07:05 | httpx - INFO - HTTP Request: GET https://rt.data.gov.hk/v2/transport/citybus/route-stop/CTB/E22X/outbound "HTTP/1.1 200 OK"
18-Oct-23 19:07:05 | httpx - INFO - HTTP Request: GET https://rt.data.gov.hk/v2/transport/citybus/route-stop/CTB/970/outbound "HTTP/1.1 200 OK"
18-Oct-23 19:07:05 | httpx - INFO - HTTP Request: GET https://rt.data.gov.hk/v2/transport/citybus/route-stop/CTB/962C/inbound "HTTP/1.1 200 OK"
18-Oct-23 19:07:05 | httpx - INFO - HTTP Request: GET https://rt.data.gov.hk/v2/transport/citybus/route-stop/CTB/NA12/inbound "HTTP/1.1 200 OK"
18-Oct-23 19:07:05 | httpx - INFO - HTTP Request: GET https://rt.data.gov.hk/v2/transport/citybus/route-stop/CTB/985A/outbound "HTTP/1.1 200 OK"
18-Oct-23 19:07:05 | httpx - INFO - HTTP Request: GET https://rt.data.gov.hk/v2/transport/citybus/route-stop/CTB/A21/outbound "HTTP/1.1 200 OK"
18-Oct-23 19:07:05 | httpx - INFO - HTTP Request: GET https://rt.data.gov.hk/v2/transport/citybus/route-stop/CTB/N26/inbound "HTTP/1.1 200 OK"
18-Oct-23 19:07:05 | httpx - INFO - HTTP Request: GET https://rt.data.gov.hk/v2/transport/citybus/route-stop/CTB/905P/outbound "HTTP/1.1 200 OK"
18-Oct-23 19:07:05 | httpx - INFO - HTTP Request: GET https://rt.data.gov.hk/v2/transport/citybus/route-stop/CTB/967/outbound "HTTP/1.1 200 OK"
18-Oct-23 19:07:05 | httpx - INFO - HTTP Request: GET https://rt.data.gov.hk/v2/transport/citybus/route-stop/CTB/969N/outbound "HTTP/1.1 200 OK"
18-Oct-23 19:07:05 | httpx - INFO - HTTP Request: GET https://rt.data.gov.hk/v2/transport/citybus/route-stop/CTB/90B/inbound "HTTP/1.1 200 OK"
18-Oct-23 19:07:05 | httpx - INFO - HTTP Request: GET https://rt.data.gov.hk/v2/transport/citybus/route-stop/CTB/NA10/outbound "HTTP/1.1 200 OK"
18-Oct-23 19:07:05 | httpx - INFO - HTTP Request: GET https://rt.data.gov.hk/v2/transport/citybus/route-stop/CTB/8X/outbound "HTTP/1.1 200 OK"
18-Oct-23 19:07:05 | httpx - INFO - HTTP Request: GET https://rt.data.gov.hk/v2/transport/citybus/route-stop/CTB/969P/outbound "HTTP/1.1 200 OK"
18-Oct-23 19:07:05 | httpx - INFO - HTTP Request: GET https://rt.data.gov.hk/v2/transport/citybus/route-stop/CTB/E21B/outbound "HTTP/1.1 200 OK"
18-Oct-23 19:07:05 | httpx - INFO - HTTP Request: GET https://rt.data.gov.hk/v2/transport/citybus/route-stop/CTB/A21/inbound "HTTP/1.1 200 OK"
18-Oct-23 19:07:05 | httpx - INFO - HTTP Request: GET https://rt.data.gov.hk/v2/transport/citybus/route-stop/CTB/95C/outbound "HTTP/1.1 200 OK"
18-Oct-23 19:07:05 | httpx - INFO - HTTP Request: GET https://rt.data.gov.hk/v2/transport/citybus/route-stop/CTB/982X/outbound "HTTP/1.1 200 OK"
18-Oct-23 19:07:05 | httpx - INFO - HTTP Request: GET https://rt.data.gov.hk/v2/transport/citybus/route-stop/CTB/N307/outbound "HTTP/1.1 200 OK"
18-Oct-23 19:07:05 | httpx - INFO - HTTP Request: GET https://rt.data.gov.hk/v2/transport/citybus/route-stop/CTB/952C/outbound "HTTP/1.1 200 OK"
18-Oct-23 19:07:05 | httpx - INFO - HTTP Request: GET https://rt.data.gov.hk/v2/transport/citybus/route-stop/CTB/A22/outbound "HTTP/1.1 200 OK"
18-Oct-23 19:07:05 | httpx - INFO - HTTP Request: GET https://rt.data.gov.hk/v2/transport/citybus/route-stop/CTB/X15/outbound "HTTP/1.1 200 OK"
18-Oct-23 19:07:05 | httpx - INFO - HTTP Request: GET https://rt.data.gov.hk/v2/transport/citybus/route-stop/CTB/N23/outbound "HTTP/1.1 200 OK"
18-Oct-23 19:07:05 | httpx - INFO - HTTP Request: GET https://rt.data.gov.hk/v2/transport/citybus/route-stop/CTB/930/outbound "HTTP/1.1 200 OK"
18-Oct-23 19:07:05 | httpx - INFO - HTTP Request: GET https://rt.data.gov.hk/v2/transport/citybus/route-stop/CTB/E11A/outbound "HTTP/1.1 200 OK"
18-Oct-23 19:07:05 | httpx - INFO - HTTP Request: GET https://rt.data.gov.hk/v2/transport/citybus/route-stop/CTB/952C/inbound "HTTP/1.1 200 OK"
18-Oct-23 19:07:05 | httpx - INFO - HTTP Request: GET https://rt.data.gov.hk/v2/transport/citybus/route-stop/CTB/X970/outbound "HTTP/1.1 200 OK"
18-Oct-23 19:07:05 | httpx - INFO - HTTP Request: GET https://rt.data.gov.hk/v2/transport/citybus/route-stop/CTB/973/outbound "HTTP/1.1 200 OK"
18-Oct-23 19:07:05 | httpx - INFO - HTTP Request: GET https://rt.data.gov.hk/v2/transport/citybus/route-stop/CTB/955/inbound "HTTP/1.1 200 OK"
18-Oct-23 19:07:05 | httpx - INFO - HTTP Request: GET https://rt.data.gov.hk/v2/transport/citybus/route-stop/CTB/E21C/outbound "HTTP/1.1 200 OK"
18-Oct-23 19:07:05 | httpx - INFO - HTTP Request: GET https://rt.data.gov.hk/v2/transport/citybus/route-stop/CTB/N8P/outbound "HTTP/1.1 200 OK"
18-Oct-23 19:07:05 | httpx - INFO - HTTP Request: GET https://rt.data.gov.hk/v2/transport/citybus/route-stop/CTB/962/outbound "HTTP/1.1 200 OK"
18-Oct-23 19:07:05 | httpx - INFO - HTTP Request: GET https://rt.data.gov.hk/v2/transport/citybus/route-stop/CTB/A22/inbound "HTTP/1.1 200 OK"
18-Oct-23 19:07:05 | httpx - INFO - HTTP Request: GET https://rt.data.gov.hk/v2/transport/citybus/route-stop/CTB/A20/outbound "HTTP/1.1 200 OK"
18-Oct-23 19:07:05 | httpx - INFO - HTTP Request: GET https://rt.data.gov.hk/v2/transport/citybus/route-stop/CTB/A26/inbound "HTTP/1.1 200 OK"
18-Oct-23 19:07:05 | httpx - INFO - HTTP Request: GET https://rt.data.gov.hk/v2/transport/citybus/route-stop/CTB/E11B/inbound "HTTP/1.1 200 OK"
18-Oct-23 19:07:05 | httpx - INFO - HTTP Request: GET https://rt.data.gov.hk/v2/transport/citybus/route-stop/CTB/99/outbound "HTTP/1.1 200 OK"
18-Oct-23 19:07:05 | httpx - INFO - HTTP Request: GET https://rt.data.gov.hk/v2/transport/citybus/route-stop/CTB/971R/outbound "HTTP/1.1 200 OK"
18-Oct-23 19:07:05 | httpx - INFO - HTTP Request: GET https://rt.data.gov.hk/v2/transport/citybus/route-stop/CTB/A26/outbound "HTTP/1.1 200 OK"
18-Oct-23 19:07:05 | httpx - INFO - HTTP Request: GET https://rt.data.gov.hk/v2/transport/citybus/route-stop/CTB/N118/inbound "HTTP/1.1 200 OK"
18-Oct-23 19:07:05 | httpx - INFO - HTTP Request: GET https://rt.data.gov.hk/v2/transport/citybus/route-stop/CTB/E11/inbound "HTTP/1.1 200 OK"
18-Oct-23 19:07:05 | httpx - INFO - HTTP Request: GET https://rt.data.gov.hk/v2/transport/citybus/route-stop/CTB/E21/inbound "HTTP/1.1 200 OK"
18-Oct-23 19:07:05 | httpx - INFO - HTTP Request: GET https://rt.data.gov.hk/v2/transport/citybus/route-stop/CTB/N72/inbound "HTTP/1.1 200 OK"
18-Oct-23 19:07:05 | httpx - INFO - HTTP Request: GET https://rt.data.gov.hk/v2/transport/citybus/route-stop/CTB/NA11/outbound "HTTP/1.1 200 OK"
18-Oct-23 19:07:05 | httpx - INFO - HTTP Request: GET https://rt.data.gov.hk/v2/transport/citybus/route-stop/CTB/N796/outbound "HTTP/1.1 200 OK"
18-Oct-23 19:07:06 | httpx - INFO - HTTP Request: GET https://rt.data.gov.hk/v2/transport/citybus/route-stop/CTB/E11A/inbound "HTTP/1.1 200 OK"
18-Oct-23 19:07:06 | httpx - INFO - HTTP Request: GET https://rt.data.gov.hk/v2/transport/citybus/route-stop/CTB/NA11/inbound "HTTP/1.1 200 OK"
18-Oct-23 19:07:06 | httpx - INFO - HTTP Request: GET https://rt.data.gov.hk/v2/transport/citybus/route-stop/CTB/E22S/inbound "HTTP/1.1 200 OK"
18-Oct-23 19:07:06 | httpx - INFO - HTTP Request: GET https://rt.data.gov.hk/v2/transport/citybus/route-stop/CTB/E21A/inbound "HTTP/1.1 200 OK"
18-Oct-23 19:07:06 | httpx - INFO - HTTP Request: GET https://rt.data.gov.hk/v2/transport/citybus/route-stop/CTB/E21/outbound "HTTP/1.1 200 OK"
18-Oct-23 19:07:06 | httpx - INFO - HTTP Request: GET https://rt.data.gov.hk/v2/transport/citybus/route-stop/CTB/A25/outbound "HTTP/1.1 200 OK"
18-Oct-23 19:07:06 | httpx - INFO - HTTP Request: GET https://rt.data.gov.hk/v2/transport/citybus/route-stop/CTB/N619/outbound "HTTP/1.1 200 OK"
18-Oct-23 19:07:06 | httpx - INFO - HTTP Request: GET https://rt.data.gov.hk/v2/transport/citybus/route-stop/CTB/N8/inbound "HTTP/1.1 200 OK"
18-Oct-23 19:07:06 | httpx - INFO - HTTP Request: GET https://rt.data.gov.hk/v2/transport/citybus/route-stop/CTB/N680/outbound "HTTP/1.1 200 OK"
18-Oct-23 19:07:06 | httpx - INFO - HTTP Request: GET https://rt.data.gov.hk/v2/transport/citybus/route-stop/CTB/N930/inbound "HTTP/1.1 200 OK"
18-Oct-23 19:07:06 | httpx - INFO - HTTP Request: GET https://rt.data.gov.hk/v2/transport/citybus/route-stop/CTB/N680/inbound "HTTP/1.1 200 OK"
18-Oct-23 19:07:06 | httpx - INFO - HTTP Request: GET https://rt.data.gov.hk/v2/transport/citybus/route-stop/CTB/952P/outbound "HTTP/1.1 200 OK"
18-Oct-23 19:07:06 | httpx - INFO - HTTP Request: GET https://rt.data.gov.hk/v2/transport/citybus/route-stop/CTB/E11B/outbound "HTTP/1.1 200 OK"
18-Oct-23 19:07:06 | httpx - INFO - HTTP Request: GET https://rt.data.gov.hk/v2/transport/citybus/route-stop/CTB/A23/outbound "HTTP/1.1 200 OK"
18-Oct-23 19:07:06 | httpx - INFO - HTTP Request: GET https://rt.data.gov.hk/v2/transport/citybus/route-stop/CTB/N122/outbound "HTTP/1.1 200 OK"
18-Oct-23 19:07:06 | httpx - INFO - HTTP Request: GET https://rt.data.gov.hk/v2/transport/citybus/route-stop/CTB/E22S/outbound "HTTP/1.1 200 OK"
18-Oct-23 19:07:06 | httpx - INFO - HTTP Request: GET https://rt.data.gov.hk/v2/transport/citybus/route-stop/CTB/N21/outbound "HTTP/1.1 200 OK"
18-Oct-23 19:07:06 | httpx - INFO - HTTP Request: GET https://rt.data.gov.hk/v2/transport/citybus/route-stop/CTB/N962/inbound "HTTP/1.1 200 OK"
18-Oct-23 19:07:06 | httpx - INFO - HTTP Request: GET https://rt.data.gov.hk/v2/transport/citybus/route-stop/CTB/N691/inbound "HTTP/1.1 200 OK"
18-Oct-23 19:07:06 | httpx - INFO - HTTP Request: GET https://rt.data.gov.hk/v2/transport/citybus/route-stop/CTB/N962/outbound "HTTP/1.1 200 OK"
18-Oct-23 19:07:06 | httpx - INFO - HTTP Request: GET https://rt.data.gov.hk/v2/transport/citybus/route-stop/CTB/N29/outbound "HTTP/1.1 200 OK"
18-Oct-23 19:07:06 | httpx - INFO - HTTP Request: GET https://rt.data.gov.hk/v2/transport/citybus/route-stop/CTB/N691/outbound "HTTP/1.1 200 OK"
18-Oct-23 19:07:06 | httpx - INFO - HTTP Request: GET https://rt.data.gov.hk/v2/transport/citybus/route-stop/CTB/A23/inbound "HTTP/1.1 200 OK"
18-Oct-23 19:07:06 | httpx - INFO - HTTP Request: GET https://rt.data.gov.hk/v2/transport/citybus/route-stop/CTB/NA12/outbound "HTTP/1.1 200 OK"
18-Oct-23 19:07:06 | httpx - INFO - HTTP Request: GET https://rt.data.gov.hk/v2/transport/citybus/route-stop/CTB/N29/inbound "HTTP/1.1 200 OK"
18-Oct-23 19:07:06 | httpx - INFO - HTTP Request: GET https://rt.data.gov.hk/v2/transport/citybus/route-stop/CTB/N796/inbound "HTTP/1.1 200 OK"
18-Oct-23 19:07:06 | httpx - INFO - HTTP Request: GET https://rt.data.gov.hk/v2/transport/citybus/route-stop/CTB/E21A/outbound "HTTP/1.1 200 OK"
18-Oct-23 19:07:06 | httpx - INFO - HTTP Request: GET https://rt.data.gov.hk/v2/transport/citybus/route-stop/CTB/N969/inbound "HTTP/1.1 200 OK"
18-Oct-23 19:07:06 | httpx - INFO - HTTP Request: GET https://rt.data.gov.hk/v2/transport/citybus/route-stop/CTB/N952/inbound "HTTP/1.1 200 OK"
18-Oct-23 19:07:06 | httpx - INFO - HTTP Request: GET https://rt.data.gov.hk/v2/transport/citybus/route-stop/CTB/NA10/inbound "HTTP/1.1 200 OK"
18-Oct-23 19:07:06 | httpx - INFO - HTTP Request: GET https://rt.data.gov.hk/v2/transport/citybus/route-stop/CTB/N8X/outbound "HTTP/1.1 200 OK"
18-Oct-23 19:07:34 | root - ERROR - Other error occurred: 
18-Oct-23 19:07:34 | root - ERROR - 
Traceback (most recent call last):
  File "/opt/hostedtoolcache/Python/3.11.6/x64/lib/python3.11/site-packages/anyio/streams/tls.py", line 131, in _call_sslobject_method
    result = func(*args)
             ^^^^^^^^^^^
  File "/opt/hostedtoolcache/Python/3.11.6/x64/lib/python3.11/ssl.py", line 921, in read
    v = self._sslobj.read(len)
        ^^^^^^^^^^^^^^^^^^^^^^
ssl.SSLWantReadError: The operation did not complete (read) (_ssl.c:2580)

During handling of the above exception, another exception occurred:

Traceback (most recent call last):
  File "/opt/hostedtoolcache/Python/3.11.6/x64/lib/python3.11/site-packages/httpcore/_backends/anyio.py", line 34, in read
    return await self._stream.receive(max_bytes=max_bytes)
           ^^^^^^^^^^^^^^^^^^^^^^^^^^^^^^^^^^^^^^^^^^^^^^^
  File "/opt/hostedtoolcache/Python/3.11.6/x64/lib/python3.11/site-packages/anyio/streams/tls.py", line 196, in receive
    data = await self._call_sslobject_method(self._ssl_object.read, max_bytes)
           ^^^^^^^^^^^^^^^^^^^^^^^^^^^^^^^^^^^^^^^^^^^^^^^^^^^^^^^^^^^^^^^^^^^
  File "/opt/hostedtoolcache/Python/3.11.6/x64/lib/python3.11/site-packages/anyio/streams/tls.py", line 138, in _call_sslobject_method
    data = await self.transport_stream.receive()
           ^^^^^^^^^^^^^^^^^^^^^^^^^^^^^^^^^^^^^
  File "/opt/hostedtoolcache/Python/3.11.6/x64/lib/python3.11/site-packages/anyio/_backends/_asyncio.py", line 1203, in receive
    await self._protocol.read_event.wait()
  File "/opt/hostedtoolcache/Python/3.11.6/x64/lib/python3.11/asyncio/locks.py", line 213, in wait
    await fut
asyncio.exceptions.CancelledError

During handling of the above exception, another exception occurred:

Traceback (most recent call last):
  File "/opt/hostedtoolcache/Python/3.11.6/x64/lib/python3.11/site-packages/httpcore/_exceptions.py", line 10, in map_exceptions
    yield
  File "/opt/hostedtoolcache/Python/3.11.6/x64/lib/python3.11/site-packages/httpcore/_backends/anyio.py", line 32, in read
    with anyio.fail_after(timeout):
  File "/opt/hostedtoolcache/Python/3.11.6/x64/lib/python3.11/site-packages/anyio/_core/_tasks.py", line 119, in __exit__
    raise TimeoutError
TimeoutError

The above exception was the direct cause of the following exception:

Traceback (most recent call last):
  File "/opt/hostedtoolcache/Python/3.11.6/x64/lib/python3.11/site-packages/httpx/_transports/default.py", line 60, in map_httpcore_exceptions
    yield
  File "/opt/hostedtoolcache/Python/3.11.6/x64/lib/python3.11/site-packages/httpx/_transports/default.py", line 353, in handle_async_request
    resp = await self._pool.handle_async_request(req)
           ^^^^^^^^^^^^^^^^^^^^^^^^^^^^^^^^^^^^^^^^^^
  File "/opt/hostedtoolcache/Python/3.11.6/x64/lib/python3.11/site-packages/httpcore/_async/connection_pool.py", line 262, in handle_async_request
    raise exc
  File "/opt/hostedtoolcache/Python/3.11.6/x64/lib/python3.11/site-packages/httpcore/_async/connection_pool.py", line 245, in handle_async_request
    response = await connection.handle_async_request(request)
               ^^^^^^^^^^^^^^^^^^^^^^^^^^^^^^^^^^^^^^^^^^^^^^
  File "/opt/hostedtoolcache/Python/3.11.6/x64/lib/python3.11/site-packages/httpcore/_async/connection.py", line 96, in handle_async_request
    return await self._connection.handle_async_request(request)
           ^^^^^^^^^^^^^^^^^^^^^^^^^^^^^^^^^^^^^^^^^^^^^^^^^^^^
  File "/opt/hostedtoolcache/Python/3.11.6/x64/lib/python3.11/site-packages/httpcore/_async/http11.py", line 121, in handle_async_request
    raise exc
  File "/opt/hostedtoolcache/Python/3.11.6/x64/lib/python3.11/site-packages/httpcore/_async/http11.py", line 99, in handle_async_request
    ) = await self._receive_response_headers(**kwargs)
        ^^^^^^^^^^^^^^^^^^^^^^^^^^^^^^^^^^^^^^^^^^^^^^
  File "/opt/hostedtoolcache/Python/3.11.6/x64/lib/python3.11/site-packages/httpcore/_async/http11.py", line 164, in _receive_response_headers
    event = await self._receive_event(timeout=timeout)
            ^^^^^^^^^^^^^^^^^^^^^^^^^^^^^^^^^^^^^^^^^^
  File "/opt/hostedtoolcache/Python/3.11.6/x64/lib/python3.11/site-packages/httpcore/_async/http11.py", line 200, in _receive_event
    data = await self._network_stream.read(
           ^^^^^^^^^^^^^^^^^^^^^^^^^^^^^^^^
  File "/opt/hostedtoolcache/Python/3.11.6/x64/lib/python3.11/site-packages/httpcore/_backends/anyio.py", line 31, in read
    with map_exceptions(exc_map):
  File "/opt/hostedtoolcache/Python/3.11.6/x64/lib/python3.11/contextlib.py", line 155, in __exit__
    self.gen.throw(typ, value, traceback)
  File "/opt/hostedtoolcache/Python/3.11.6/x64/lib/python3.11/site-packages/httpcore/_exceptions.py", line 14, in map_exceptions
    raise to_exc(exc) from exc
httpcore.ReadTimeout

The above exception was the direct cause of the following exception:

Traceback (most recent call last):
  File "/home/runner/work/BusData/BusData/action/CTB_Route.py", line 109, in main
    ctbList += await asyncio.gather(*tasks)
    ^^^^^^^^^^^^^^^^^^^^^^^^^^^^
  File "/home/runner/work/BusData/BusData/action/CTB_Route.py", line 58, in getStopList
    stopListResponse = await client.get(stopListUrl, timeout=30.0)
                       ^^^^^^^^^^^^^^^^^^^^^^^^^^^^^^^^^^^^^^^^^^^
  File "/opt/hostedtoolcache/Python/3.11.6/x64/lib/python3.11/site-packages/httpx/_client.py", line 1757, in get
    return await self.request(
           ^^^^^^^^^^^^^^^^^^^
  File "/opt/hostedtoolcache/Python/3.11.6/x64/lib/python3.11/site-packages/httpx/_client.py", line 1530, in request
    return await self.send(request, auth=auth, follow_redirects=follow_redirects)
           ^^^^^^^^^^^^^^^^^^^^^^^^^^^^^^^^^^^^^^^^^^^^^^^^^^^^^^^^^^^^^^^^^^^^^^
  File "/opt/hostedtoolcache/Python/3.11.6/x64/lib/python3.11/site-packages/httpx/_client.py", line 1617, in send
    response = await self._send_handling_auth(
               ^^^^^^^^^^^^^^^^^^^^^^^^^^^^^^^
  File "/opt/hostedtoolcache/Python/3.11.6/x64/lib/python3.11/site-packages/httpx/_client.py", line 1645, in _send_handling_auth
    response = await self._send_handling_redirects(
               ^^^^^^^^^^^^^^^^^^^^^^^^^^^^^^^^^^^^
  File "/opt/hostedtoolcache/Python/3.11.6/x64/lib/python3.11/site-packages/httpx/_client.py", line 1682, in _send_handling_redirects
    response = await self._send_single_request(request)
               ^^^^^^^^^^^^^^^^^^^^^^^^^^^^^^^^^^^^^^^^
  File "/opt/hostedtoolcache/Python/3.11.6/x64/lib/python3.11/site-packages/httpx/_client.py", line 1719, in _send_single_request
    response = await transport.handle_async_request(request)
               ^^^^^^^^^^^^^^^^^^^^^^^^^^^^^^^^^^^^^^^^^^^^^
  File "/opt/hostedtoolcache/Python/3.11.6/x64/lib/python3.11/site-packages/httpx/_transports/default.py", line 352, in handle_async_request
    with map_httpcore_exceptions():
  File "/opt/hostedtoolcache/Python/3.11.6/x64/lib/python3.11/contextlib.py", line 155, in __exit__
    self.gen.throw(typ, value, traceback)
  File "/opt/hostedtoolcache/Python/3.11.6/x64/lib/python3.11/site-packages/httpx/_transports/default.py", line 77, in map_httpcore_exceptions
    raise mapped_exc(message) from exc
httpx.ReadTimeout
