22-Mar-24 19:07:59 | root - INFO - Start getting NLB routes
22-Mar-24 19:08:01 | httpx - INFO - HTTP Request: GET https://rt.data.gov.hk/v2/transport/nlb/stop.php?action=list&routeId=18 "HTTP/1.1 200 OK"
22-Mar-24 19:08:02 | httpx - INFO - HTTP Request: GET https://rt.data.gov.hk/v2/transport/nlb/stop.php?action=list&routeId=95 "HTTP/1.1 200 OK"
22-Mar-24 19:08:02 | httpx - INFO - HTTP Request: GET https://rt.data.gov.hk/v2/transport/nlb/stop.php?action=list&routeId=10 "HTTP/1.1 200 OK"
22-Mar-24 19:08:02 | httpx - INFO - HTTP Request: GET https://rt.data.gov.hk/v2/transport/nlb/stop.php?action=list&routeId=12 "HTTP/1.1 200 OK"
22-Mar-24 19:08:02 | httpx - INFO - HTTP Request: GET https://rt.data.gov.hk/v2/transport/nlb/stop.php?action=list&routeId=70 "HTTP/1.1 200 OK"
22-Mar-24 19:08:02 | httpx - INFO - HTTP Request: GET https://rt.data.gov.hk/v2/transport/nlb/stop.php?action=list&routeId=100 "HTTP/1.1 200 OK"
22-Mar-24 19:08:02 | httpx - INFO - HTTP Request: GET https://rt.data.gov.hk/v2/transport/nlb/stop.php?action=list&routeId=38 "HTTP/1.1 200 OK"
22-Mar-24 19:08:02 | httpx - INFO - HTTP Request: GET https://rt.data.gov.hk/v2/transport/nlb/stop.php?action=list&routeId=88 "HTTP/1.1 200 OK"
22-Mar-24 19:08:02 | httpx - INFO - HTTP Request: GET https://rt.data.gov.hk/v2/transport/nlb/stop.php?action=list&routeId=110 "HTTP/1.1 200 OK"
22-Mar-24 19:08:02 | httpx - INFO - HTTP Request: GET https://rt.data.gov.hk/v2/transport/nlb/stop.php?action=list&routeId=37 "HTTP/1.1 200 OK"
22-Mar-24 19:08:02 | httpx - INFO - HTTP Request: GET https://rt.data.gov.hk/v2/transport/nlb/stop.php?action=list&routeId=20 "HTTP/1.1 200 OK"
22-Mar-24 19:08:02 | httpx - INFO - HTTP Request: GET https://rt.data.gov.hk/v2/transport/nlb/stop.php?action=list&routeId=4 "HTTP/1.1 200 OK"
22-Mar-24 19:08:02 | httpx - INFO - HTTP Request: GET https://rt.data.gov.hk/v2/transport/nlb/stop.php?action=list&routeId=21 "HTTP/1.1 200 OK"
22-Mar-24 19:08:02 | httpx - INFO - HTTP Request: GET https://rt.data.gov.hk/v2/transport/nlb/stop.php?action=list&routeId=72 "HTTP/1.1 200 OK"
22-Mar-24 19:08:02 | httpx - INFO - HTTP Request: GET https://rt.data.gov.hk/v2/transport/nlb/stop.php?action=list&routeId=9 "HTTP/1.1 200 OK"
22-Mar-24 19:08:02 | httpx - INFO - HTTP Request: GET https://rt.data.gov.hk/v2/transport/nlb/stop.php?action=list&routeId=6 "HTTP/1.1 200 OK"
22-Mar-24 19:08:02 | httpx - INFO - HTTP Request: GET https://rt.data.gov.hk/v2/transport/nlb/stop.php?action=list&routeId=75 "HTTP/1.1 200 OK"
22-Mar-24 19:08:02 | httpx - INFO - HTTP Request: GET https://rt.data.gov.hk/v2/transport/nlb/stop.php?action=list&routeId=108 "HTTP/1.1 200 OK"
22-Mar-24 19:08:02 | httpx - INFO - HTTP Request: GET https://rt.data.gov.hk/v2/transport/nlb/stop.php?action=list&routeId=80 "HTTP/1.1 200 OK"
22-Mar-24 19:08:02 | httpx - INFO - HTTP Request: GET https://rt.data.gov.hk/v2/transport/nlb/stop.php?action=list&routeId=5 "HTTP/1.1 200 OK"
22-Mar-24 19:08:02 | httpx - INFO - HTTP Request: GET https://rt.data.gov.hk/v2/transport/nlb/stop.php?action=list&routeId=104 "HTTP/1.1 200 OK"
22-Mar-24 19:08:02 | httpx - INFO - HTTP Request: GET https://rt.data.gov.hk/v2/transport/nlb/stop.php?action=list&routeId=23 "HTTP/1.1 200 OK"
22-Mar-24 19:08:02 | httpx - INFO - HTTP Request: GET https://rt.data.gov.hk/v2/transport/nlb/stop.php?action=list&routeId=71 "HTTP/1.1 200 OK"
22-Mar-24 19:08:02 | httpx - INFO - HTTP Request: GET https://rt.data.gov.hk/v2/transport/nlb/stop.php?action=list&routeId=24 "HTTP/1.1 200 OK"
22-Mar-24 19:08:02 | httpx - INFO - HTTP Request: GET https://rt.data.gov.hk/v2/transport/nlb/stop.php?action=list&routeId=63 "HTTP/1.1 200 OK"
22-Mar-24 19:08:02 | httpx - INFO - HTTP Request: GET https://rt.data.gov.hk/v2/transport/nlb/stop.php?action=list&routeId=17 "HTTP/1.1 200 OK"
22-Mar-24 19:08:02 | httpx - INFO - HTTP Request: GET https://rt.data.gov.hk/v2/transport/nlb/stop.php?action=list&routeId=102 "HTTP/1.1 200 OK"
22-Mar-24 19:08:02 | httpx - INFO - HTTP Request: GET https://rt.data.gov.hk/v2/transport/nlb/stop.php?action=list&routeId=34 "HTTP/1.1 200 OK"
22-Mar-24 19:08:02 | httpx - INFO - HTTP Request: GET https://rt.data.gov.hk/v2/transport/nlb/stop.php?action=list&routeId=87 "HTTP/1.1 200 OK"
22-Mar-24 19:08:02 | httpx - INFO - HTTP Request: GET https://rt.data.gov.hk/v2/transport/nlb/stop.php?action=list&routeId=35 "HTTP/1.1 200 OK"
22-Mar-24 19:08:02 | httpx - INFO - HTTP Request: GET https://rt.data.gov.hk/v2/transport/nlb/stop.php?action=list&routeId=44 "HTTP/1.1 200 OK"
22-Mar-24 19:08:02 | httpx - INFO - HTTP Request: GET https://rt.data.gov.hk/v2/transport/nlb/stop.php?action=list&routeId=30 "HTTP/1.1 200 OK"
22-Mar-24 19:08:02 | httpx - INFO - HTTP Request: GET https://rt.data.gov.hk/v2/transport/nlb/stop.php?action=list&routeId=15 "HTTP/1.1 200 OK"
22-Mar-24 19:08:02 | httpx - INFO - HTTP Request: GET https://rt.data.gov.hk/v2/transport/nlb/stop.php?action=list&routeId=45 "HTTP/1.1 200 OK"
22-Mar-24 19:08:02 | httpx - INFO - HTTP Request: GET https://rt.data.gov.hk/v2/transport/nlb/stop.php?action=list&routeId=86 "HTTP/1.1 200 OK"
22-Mar-24 19:08:02 | httpx - INFO - HTTP Request: GET https://rt.data.gov.hk/v2/transport/nlb/stop.php?action=list&routeId=19 "HTTP/1.1 200 OK"
22-Mar-24 19:08:02 | httpx - INFO - HTTP Request: GET https://rt.data.gov.hk/v2/transport/nlb/stop.php?action=list&routeId=109 "HTTP/1.1 200 OK"
22-Mar-24 19:08:02 | httpx - INFO - HTTP Request: GET https://rt.data.gov.hk/v2/transport/nlb/stop.php?action=list&routeId=11 "HTTP/1.1 200 OK"
22-Mar-24 19:08:02 | httpx - INFO - HTTP Request: GET https://rt.data.gov.hk/v2/transport/nlb/stop.php?action=list&routeId=7 "HTTP/1.1 200 OK"
22-Mar-24 19:08:02 | httpx - INFO - HTTP Request: GET https://rt.data.gov.hk/v2/transport/nlb/stop.php?action=list&routeId=89 "HTTP/1.1 200 OK"
22-Mar-24 19:08:02 | httpx - INFO - HTTP Request: GET https://rt.data.gov.hk/v2/transport/nlb/stop.php?action=list&routeId=101 "HTTP/1.1 200 OK"
22-Mar-24 19:08:02 | httpx - INFO - HTTP Request: GET https://rt.data.gov.hk/v2/transport/nlb/stop.php?action=list&routeId=90 "HTTP/1.1 200 OK"
22-Mar-24 19:08:02 | httpx - INFO - HTTP Request: GET https://rt.data.gov.hk/v2/transport/nlb/stop.php?action=list&routeId=8 "HTTP/1.1 200 OK"
22-Mar-24 19:08:02 | httpx - INFO - HTTP Request: GET https://rt.data.gov.hk/v2/transport/nlb/stop.php?action=list&routeId=22 "HTTP/1.1 200 OK"
22-Mar-24 19:08:02 | httpx - INFO - HTTP Request: GET https://rt.data.gov.hk/v2/transport/nlb/stop.php?action=list&routeId=14 "HTTP/1.1 200 OK"
22-Mar-24 19:08:02 | httpx - INFO - HTTP Request: GET https://rt.data.gov.hk/v2/transport/nlb/stop.php?action=list&routeId=1 "HTTP/1.1 200 OK"
22-Mar-24 19:08:02 | httpx - INFO - HTTP Request: GET https://rt.data.gov.hk/v2/transport/nlb/stop.php?action=list&routeId=16 "HTTP/1.1 200 OK"
22-Mar-24 19:08:02 | httpx - INFO - HTTP Request: GET https://rt.data.gov.hk/v2/transport/nlb/stop.php?action=list&routeId=2 "HTTP/1.1 200 OK"
22-Mar-24 19:08:02 | httpx - INFO - HTTP Request: GET https://rt.data.gov.hk/v2/transport/nlb/stop.php?action=list&routeId=13 "HTTP/1.1 200 OK"
22-Mar-24 19:08:02 | httpx - INFO - HTTP Request: GET https://rt.data.gov.hk/v2/transport/nlb/stop.php?action=list&routeId=91 "HTTP/1.1 200 OK"
22-Mar-24 19:08:02 | httpx - INFO - HTTP Request: GET https://rt.data.gov.hk/v2/transport/nlb/stop.php?action=list&routeId=40 "HTTP/1.1 200 OK"
22-Mar-24 19:08:02 | httpx - INFO - HTTP Request: GET https://rt.data.gov.hk/v2/transport/nlb/stop.php?action=list&routeId=93 "HTTP/1.1 200 OK"
22-Mar-24 19:08:02 | httpx - INFO - HTTP Request: GET https://rt.data.gov.hk/v2/transport/nlb/stop.php?action=list&routeId=92 "HTTP/1.1 200 OK"
22-Mar-24 19:08:02 | httpx - INFO - HTTP Request: GET https://rt.data.gov.hk/v2/transport/nlb/stop.php?action=list&routeId=82 "HTTP/1.1 200 OK"
22-Mar-24 19:08:02 | httpx - INFO - HTTP Request: GET https://rt.data.gov.hk/v2/transport/nlb/stop.php?action=list&routeId=36 "HTTP/1.1 200 OK"
22-Mar-24 19:08:02 | httpx - INFO - HTTP Request: GET https://rt.data.gov.hk/v2/transport/nlb/stop.php?action=list&routeId=33 "HTTP/1.1 200 OK"
22-Mar-24 19:08:02 | httpx - INFO - HTTP Request: GET https://rt.data.gov.hk/v2/transport/nlb/stop.php?action=list&routeId=78 "HTTP/1.1 200 OK"
22-Mar-24 19:08:02 | httpx - INFO - HTTP Request: GET https://rt.data.gov.hk/v2/transport/nlb/stop.php?action=list&routeId=96 "HTTP/1.1 200 OK"
22-Mar-24 19:08:03 | httpx - INFO - HTTP Request: GET https://rt.data.gov.hk/v2/transport/nlb/stop.php?action=list&routeId=3 "HTTP/1.1 200 OK"
22-Mar-24 19:08:06 | root - ERROR - Other error occurred: 
22-Mar-24 19:08:06 | root - ERROR - 
Traceback (most recent call last):
  File "/opt/hostedtoolcache/Python/3.11.8/x64/lib/python3.11/site-packages/anyio/streams/tls.py", line 131, in _call_sslobject_method
    result = func(*args)
             ^^^^^^^^^^^
  File "/opt/hostedtoolcache/Python/3.11.8/x64/lib/python3.11/ssl.py", line 979, in do_handshake
    self._sslobj.do_handshake()
ssl.SSLWantReadError: The operation did not complete (read) (_ssl.c:1006)

During handling of the above exception, another exception occurred:

Traceback (most recent call last):
  File "/opt/hostedtoolcache/Python/3.11.8/x64/lib/python3.11/site-packages/httpcore/_backends/anyio.py", line 69, in start_tls
    ssl_stream = await anyio.streams.tls.TLSStream.wrap(
                 ^^^^^^^^^^^^^^^^^^^^^^^^^^^^^^^^^^^^^^^
  File "/opt/hostedtoolcache/Python/3.11.8/x64/lib/python3.11/site-packages/anyio/streams/tls.py", line 123, in wrap
    await wrapper._call_sslobject_method(ssl_object.do_handshake)
  File "/opt/hostedtoolcache/Python/3.11.8/x64/lib/python3.11/site-packages/anyio/streams/tls.py", line 138, in _call_sslobject_method
    data = await self.transport_stream.receive()
           ^^^^^^^^^^^^^^^^^^^^^^^^^^^^^^^^^^^^^
  File "/opt/hostedtoolcache/Python/3.11.8/x64/lib/python3.11/site-packages/anyio/_backends/_asyncio.py", line 1203, in receive
    await self._protocol.read_event.wait()
  File "/opt/hostedtoolcache/Python/3.11.8/x64/lib/python3.11/asyncio/locks.py", line 213, in wait
    await fut
asyncio.exceptions.CancelledError

During handling of the above exception, another exception occurred:

Traceback (most recent call last):
  File "/opt/hostedtoolcache/Python/3.11.8/x64/lib/python3.11/site-packages/httpcore/_exceptions.py", line 10, in map_exceptions
    yield
  File "/opt/hostedtoolcache/Python/3.11.8/x64/lib/python3.11/site-packages/httpcore/_backends/anyio.py", line 78, in start_tls
    raise exc
  File "/opt/hostedtoolcache/Python/3.11.8/x64/lib/python3.11/site-packages/httpcore/_backends/anyio.py", line 68, in start_tls
    with anyio.fail_after(timeout):
  File "/opt/hostedtoolcache/Python/3.11.8/x64/lib/python3.11/site-packages/anyio/_core/_tasks.py", line 119, in __exit__
    raise TimeoutError
TimeoutError

The above exception was the direct cause of the following exception:

Traceback (most recent call last):
  File "/opt/hostedtoolcache/Python/3.11.8/x64/lib/python3.11/site-packages/httpx/_transports/default.py", line 60, in map_httpcore_exceptions
    yield
  File "/opt/hostedtoolcache/Python/3.11.8/x64/lib/python3.11/site-packages/httpx/_transports/default.py", line 353, in handle_async_request
    resp = await self._pool.handle_async_request(req)
           ^^^^^^^^^^^^^^^^^^^^^^^^^^^^^^^^^^^^^^^^^^
  File "/opt/hostedtoolcache/Python/3.11.8/x64/lib/python3.11/site-packages/httpcore/_async/connection_pool.py", line 262, in handle_async_request
    raise exc
  File "/opt/hostedtoolcache/Python/3.11.8/x64/lib/python3.11/site-packages/httpcore/_async/connection_pool.py", line 245, in handle_async_request
    response = await connection.handle_async_request(request)
               ^^^^^^^^^^^^^^^^^^^^^^^^^^^^^^^^^^^^^^^^^^^^^^
  File "/opt/hostedtoolcache/Python/3.11.8/x64/lib/python3.11/site-packages/httpcore/_async/connection.py", line 92, in handle_async_request
    raise exc
  File "/opt/hostedtoolcache/Python/3.11.8/x64/lib/python3.11/site-packages/httpcore/_async/connection.py", line 69, in handle_async_request
    stream = await self._connect(request)
             ^^^^^^^^^^^^^^^^^^^^^^^^^^^^
  File "/opt/hostedtoolcache/Python/3.11.8/x64/lib/python3.11/site-packages/httpcore/_async/connection.py", line 149, in _connect
    stream = await stream.start_tls(**kwargs)
             ^^^^^^^^^^^^^^^^^^^^^^^^^^^^^^^^
  File "/opt/hostedtoolcache/Python/3.11.8/x64/lib/python3.11/site-packages/httpcore/_backends/anyio.py", line 66, in start_tls
    with map_exceptions(exc_map):
  File "/opt/hostedtoolcache/Python/3.11.8/x64/lib/python3.11/contextlib.py", line 158, in __exit__
    self.gen.throw(typ, value, traceback)
  File "/opt/hostedtoolcache/Python/3.11.8/x64/lib/python3.11/site-packages/httpcore/_exceptions.py", line 14, in map_exceptions
    raise to_exc(exc) from exc
httpcore.ConnectTimeout

The above exception was the direct cause of the following exception:

Traceback (most recent call last):
  File "/home/runner/work/BusData/BusData/action/NLB_Route.py", line 116, in main
    nlbList += await asyncio.gather(*tasks)
               ^^^^^^^^^^^^^^^^^^^^^^^^^^^^
  File "/home/runner/work/BusData/BusData/action/NLB_Route.py", line 46, in getStopList
    stopListResponse = await client.get(stopListUrl)
                       ^^^^^^^^^^^^^^^^^^^^^^^^^^^^^
  File "/opt/hostedtoolcache/Python/3.11.8/x64/lib/python3.11/site-packages/httpx/_client.py", line 1757, in get
    return await self.request(
           ^^^^^^^^^^^^^^^^^^^
  File "/opt/hostedtoolcache/Python/3.11.8/x64/lib/python3.11/site-packages/httpx/_client.py", line 1530, in request
    return await self.send(request, auth=auth, follow_redirects=follow_redirects)
           ^^^^^^^^^^^^^^^^^^^^^^^^^^^^^^^^^^^^^^^^^^^^^^^^^^^^^^^^^^^^^^^^^^^^^^
  File "/opt/hostedtoolcache/Python/3.11.8/x64/lib/python3.11/site-packages/httpx/_client.py", line 1617, in send
    response = await self._send_handling_auth(
               ^^^^^^^^^^^^^^^^^^^^^^^^^^^^^^^
  File "/opt/hostedtoolcache/Python/3.11.8/x64/lib/python3.11/site-packages/httpx/_client.py", line 1645, in _send_handling_auth
    response = await self._send_handling_redirects(
               ^^^^^^^^^^^^^^^^^^^^^^^^^^^^^^^^^^^^
  File "/opt/hostedtoolcache/Python/3.11.8/x64/lib/python3.11/site-packages/httpx/_client.py", line 1682, in _send_handling_redirects
    response = await self._send_single_request(request)
               ^^^^^^^^^^^^^^^^^^^^^^^^^^^^^^^^^^^^^^^^
  File "/opt/hostedtoolcache/Python/3.11.8/x64/lib/python3.11/site-packages/httpx/_client.py", line 1719, in _send_single_request
    response = await transport.handle_async_request(request)
               ^^^^^^^^^^^^^^^^^^^^^^^^^^^^^^^^^^^^^^^^^^^^^
  File "/opt/hostedtoolcache/Python/3.11.8/x64/lib/python3.11/site-packages/httpx/_transports/default.py", line 352, in handle_async_request
    with map_httpcore_exceptions():
  File "/opt/hostedtoolcache/Python/3.11.8/x64/lib/python3.11/contextlib.py", line 158, in __exit__
    self.gen.throw(typ, value, traceback)
  File "/opt/hostedtoolcache/Python/3.11.8/x64/lib/python3.11/site-packages/httpx/_transports/default.py", line 77, in map_httpcore_exceptions
    raise mapped_exc(message) from exc
httpx.ConnectTimeout
